Training: 2021-10-26 09:48:49,661-rank_id: 0
Training: 2021-10-26 09:49:03,435-softmax weight init successfully!
Training: 2021-10-26 09:49:03,435-softmax weight mom init successfully!
Training: 2021-10-26 09:49:03,436-: loss                     arcface
Training: 2021-10-26 09:49:03,436-: network                  r18
Training: 2021-10-26 09:49:03,436-: resume                   False
Training: 2021-10-26 09:49:03,436-: output                   /output/webface_r18_1024
Training: 2021-10-26 09:49:03,436-: dataset                  webface
Training: 2021-10-26 09:49:03,436-: embedding_size           1024
Training: 2021-10-26 09:49:03,436-: sample_rate              1
Training: 2021-10-26 09:49:03,436-: fp16                     False
Training: 2021-10-26 09:49:03,436-: momentum                 0.9
Training: 2021-10-26 09:49:03,437-: weight_decay             0.0005
Training: 2021-10-26 09:49:03,437-: batch_size               64
Training: 2021-10-26 09:49:03,437-: lr                       0.1
Training: 2021-10-26 09:49:03,437-: rec                      /data
Training: 2021-10-26 09:49:03,437-: num_classes              10572
Training: 2021-10-26 09:49:03,437-: num_image                forget
Training: 2021-10-26 09:49:03,437-: num_epoch                1
Training: 2021-10-26 09:49:03,437-: warmup_epoch             -1
Training: 2021-10-26 09:49:03,437-: decay_epoch              [20, 30, 40]
Training: 2021-10-26 09:49:03,437-: val_targets              ['lfw', 'cfp_fp', 'agedb_30']
Training: 2021-10-26 09:49:03,437-: warmup_step              -2483
Training: 2021-10-26 09:49:03,437-: total_step               2483
Training: 2021-10-26 09:49:03,437-: decay_step               [49674, 74512, 99349]
Training: 2021-10-26 09:49:03,438-Dataset initialization
Training: 2021-10-26 09:50:18,534-Dataset initialization completed
Training: 2021-10-26 09:50:21,764-Reducer buckets have been rebuilt in this iteration.
Training: 2021-10-26 09:50:50,363-Speed 438.05 samples/sec   Loss 43.6813   LearningRate 0.0250000   Epoch: 0   Global Step: 100   Required: 0 hours
Training: 2021-10-26 09:51:05,267-Speed 429.60 samples/sec   Loss 43.5541   LearningRate 0.0250000   Epoch: 0   Global Step: 150   Required: 0 hours
Training: 2021-10-26 09:51:20,684-Speed 415.30 samples/sec   Loss 43.0158   LearningRate 0.0250000   Epoch: 0   Global Step: 200   Required: 0 hours
Training: 2021-10-26 09:51:36,318-Speed 409.54 samples/sec   Loss 42.6093   LearningRate 0.0250000   Epoch: 0   Global Step: 250   Required: 0 hours
Training: 2021-10-26 09:51:51,515-Speed 421.31 samples/sec   Loss 42.2738   LearningRate 0.0250000   Epoch: 0   Global Step: 300   Required: 0 hours
Training: 2021-10-26 09:52:06,528-Speed 426.50 samples/sec   Loss 41.8446   LearningRate 0.0250000   Epoch: 0   Global Step: 350   Required: 0 hours
Training: 2021-10-26 09:52:21,499-Speed 427.67 samples/sec   Loss 41.4373   LearningRate 0.0250000   Epoch: 0   Global Step: 400   Required: 0 hours
Training: 2021-10-26 09:52:36,683-Speed 421.68 samples/sec   Loss 41.1580   LearningRate 0.0250000   Epoch: 0   Global Step: 450   Required: 0 hours
Training: 2021-10-26 09:52:51,921-Speed 420.21 samples/sec   Loss 40.9166   LearningRate 0.0250000   Epoch: 0   Global Step: 500   Required: 0 hours
Training: 2021-10-26 09:53:07,176-Speed 419.73 samples/sec   Loss 40.5067   LearningRate 0.0250000   Epoch: 0   Global Step: 550   Required: 0 hours
Training: 2021-10-26 09:53:22,387-Speed 420.93 samples/sec   Loss 40.1881   LearningRate 0.0250000   Epoch: 0   Global Step: 600   Required: 0 hours
Training: 2021-10-26 09:53:37,565-Speed 421.87 samples/sec   Loss 39.8621   LearningRate 0.0250000   Epoch: 0   Global Step: 650   Required: 0 hours
Training: 2021-10-26 09:53:52,778-Speed 420.86 samples/sec   Loss 39.6185   LearningRate 0.0250000   Epoch: 0   Global Step: 700   Required: 0 hours
Training: 2021-10-26 09:54:08,014-Speed 420.24 samples/sec   Loss 39.3783   LearningRate 0.0250000   Epoch: 0   Global Step: 750   Required: 0 hours
Training: 2021-10-26 09:54:23,223-Speed 420.99 samples/sec   Loss 39.0399   LearningRate 0.0250000   Epoch: 0   Global Step: 800   Required: 0 hours
Training: 2021-10-26 09:54:38,433-Speed 420.96 samples/sec   Loss 38.7336   LearningRate 0.0250000   Epoch: 0   Global Step: 850   Required: 0 hours
Training: 2021-10-26 09:54:53,653-Speed 420.66 samples/sec   Loss 38.4529   LearningRate 0.0250000   Epoch: 0   Global Step: 900   Required: 0 hours
Training: 2021-10-26 09:55:08,889-Speed 420.24 samples/sec   Loss 38.1884   LearningRate 0.0250000   Epoch: 0   Global Step: 950   Required: 0 hours
Training: 2021-10-26 09:55:24,098-Speed 421.27 samples/sec   Loss 37.8927   LearningRate 0.0250000   Epoch: 0   Global Step: 1000   Required: 0 hours
Training: 2021-10-26 09:55:39,313-Speed 420.85 samples/sec   Loss 37.5496   LearningRate 0.0250000   Epoch: 0   Global Step: 1050   Required: 0 hours
Training: 2021-10-26 09:55:54,524-Speed 420.93 samples/sec   Loss 37.4499   LearningRate 0.0250000   Epoch: 0   Global Step: 1100   Required: 0 hours
Training: 2021-10-26 09:56:09,752-Speed 420.48 samples/sec   Loss 36.9675   LearningRate 0.0250000   Epoch: 0   Global Step: 1150   Required: 0 hours
Training: 2021-10-26 09:56:24,983-Speed 420.34 samples/sec   Loss 36.8632   LearningRate 0.0250000   Epoch: 0   Global Step: 1200   Required: 0 hours
Training: 2021-10-26 09:56:40,188-Speed 421.09 samples/sec   Loss 36.4969   LearningRate 0.0250000   Epoch: 0   Global Step: 1250   Required: 0 hours
Training: 2021-10-26 09:56:55,403-Speed 420.84 samples/sec   Loss 36.0514   LearningRate 0.0250000   Epoch: 0   Global Step: 1300   Required: 0 hours
Training: 2021-10-26 09:57:10,620-Speed 420.77 samples/sec   Loss 35.7302   LearningRate 0.0250000   Epoch: 0   Global Step: 1350   Required: 0 hours
Training: 2021-10-26 09:57:25,858-Speed 420.18 samples/sec   Loss 35.5250   LearningRate 0.0250000   Epoch: 0   Global Step: 1400   Required: 0 hours
Training: 2021-10-26 09:57:41,071-Speed 420.85 samples/sec   Loss 35.2872   LearningRate 0.0250000   Epoch: 0   Global Step: 1450   Required: 0 hours
Training: 2021-10-26 09:57:56,276-Speed 421.11 samples/sec   Loss 35.1640   LearningRate 0.0250000   Epoch: 0   Global Step: 1500   Required: 0 hours
Training: 2021-10-26 09:58:11,490-Speed 420.84 samples/sec   Loss 34.8040   LearningRate 0.0250000   Epoch: 0   Global Step: 1550   Required: 0 hours
Training: 2021-10-26 09:58:26,722-Speed 420.35 samples/sec   Loss 34.5327   LearningRate 0.0250000   Epoch: 0   Global Step: 1600   Required: 0 hours
Training: 2021-10-26 09:58:41,943-Speed 420.64 samples/sec   Loss 34.1568   LearningRate 0.0250000   Epoch: 0   Global Step: 1650   Required: 0 hours
Training: 2021-10-26 09:58:57,144-Speed 421.20 samples/sec   Loss 33.8776   LearningRate 0.0250000   Epoch: 0   Global Step: 1700   Required: 0 hours
Training: 2021-10-26 09:59:12,352-Speed 421.00 samples/sec   Loss 33.5734   LearningRate 0.0250000   Epoch: 0   Global Step: 1750   Required: 0 hours
Training: 2021-10-26 09:59:27,571-Speed 420.74 samples/sec   Loss 33.2724   LearningRate 0.0250000   Epoch: 0   Global Step: 1800   Required: 0 hours
Training: 2021-10-26 09:59:42,801-Speed 420.39 samples/sec   Loss 33.1855   LearningRate 0.0250000   Epoch: 0   Global Step: 1850   Required: 0 hours
Training: 2021-10-26 09:59:58,012-Speed 420.93 samples/sec   Loss 32.8652   LearningRate 0.0250000   Epoch: 0   Global Step: 1900   Required: 0 hours
Training: 2021-10-26 10:00:13,218-Speed 421.08 samples/sec   Loss 32.4198   LearningRate 0.0250000   Epoch: 0   Global Step: 1950   Required: 0 hours
Training: 2021-10-26 10:00:28,426-Speed 421.02 samples/sec   Loss 32.2346   LearningRate 0.0250000   Epoch: 0   Global Step: 2000   Required: 0 hours
Training: 2021-10-26 10:01:13,842-[lfw][2000]XNorm: 32.934139
Training: 2021-10-26 10:01:13,842-[lfw][2000]Accuracy-Flip: 0.81000+-0.01655
Training: 2021-10-26 10:01:13,842-[lfw][2000]Accuracy-Highest: 0.81000
Training: 2021-10-26 10:02:06,644-[cfp_fp][2000]XNorm: 29.991483
Training: 2021-10-26 10:02:06,644-[cfp_fp][2000]Accuracy-Flip: 0.63557+-0.02092
Training: 2021-10-26 10:02:06,645-[cfp_fp][2000]Accuracy-Highest: 0.63557
Training: 2021-10-26 10:02:52,122-[agedb_30][2000]XNorm: 28.845651
Training: 2021-10-26 10:02:52,122-[agedb_30][2000]Accuracy-Flip: 0.53867+-0.01619
Training: 2021-10-26 10:02:52,122-[agedb_30][2000]Accuracy-Highest: 0.53867
Training: 2021-10-26 10:03:07,398-Speed 40.26 samples/sec   Loss 31.9705   LearningRate 0.0250000   Epoch: 0   Global Step: 2050   Required: 0 hours
Training: 2021-10-26 10:03:22,628-Speed 420.41 samples/sec   Loss 31.7950   LearningRate 0.0250000   Epoch: 0   Global Step: 2100   Required: 0 hours
Training: 2021-10-26 10:03:37,851-Speed 420.57 samples/sec   Loss 31.3393   LearningRate 0.0250000   Epoch: 0   Global Step: 2150   Required: 0 hours
Training: 2021-10-26 10:03:53,088-Speed 420.24 samples/sec   Loss 31.3128   LearningRate 0.0250000   Epoch: 0   Global Step: 2200   Required: 0 hours
Training: 2021-10-26 10:04:08,361-Speed 419.22 samples/sec   Loss 31.2225   LearningRate 0.0250000   Epoch: 0   Global Step: 2250   Required: 0 hours
Training: 2021-10-26 10:04:23,654-Speed 418.66 samples/sec   Loss 30.6951   LearningRate 0.0250000   Epoch: 0   Global Step: 2300   Required: 0 hours
Training: 2021-10-26 10:04:38,880-Speed 420.53 samples/sec   Loss 30.5552   LearningRate 0.0250000   Epoch: 0   Global Step: 2350   Required: 0 hours
Training: 2021-10-26 10:04:54,108-Speed 420.44 samples/sec   Loss 30.1498   LearningRate 0.0250000   Epoch: 0   Global Step: 2400   Required: 0 hours
Training: 2021-10-26 10:05:09,341-Speed 420.34 samples/sec   Loss 30.0586   LearningRate 0.0250000   Epoch: 0   Global Step: 2450   Required: 0 hours
Training: 2021-10-26 10:05:19,794-Pytorch Model Saved in '/output/webface_r18_1024/backbone.pth'
Training: 2021-10-26 10:05:21,169-Pytorch Model Saved in '/output/webface_r18_1024/backbone_000.pth'
Training: 2021-10-26 10:15:51,728-rank_id: 0
Training: 2021-10-26 10:15:57,538-softmax weight init successfully!
Training: 2021-10-26 10:15:57,538-softmax weight mom init successfully!
Training: 2021-10-26 10:15:57,539-: loss                     arcface
Training: 2021-10-26 10:15:57,539-: network                  r18
Training: 2021-10-26 10:15:57,539-: resume                   False
Training: 2021-10-26 10:15:57,539-: output                   /output/webface_r18_1024
Training: 2021-10-26 10:15:57,539-: dataset                  webface
Training: 2021-10-26 10:15:57,539-: embedding_size           1024
Training: 2021-10-26 10:15:57,539-: sample_rate              1
Training: 2021-10-26 10:15:57,540-: fp16                     False
Training: 2021-10-26 10:15:57,540-: momentum                 0.9
Training: 2021-10-26 10:15:57,540-: weight_decay             0.0005
Training: 2021-10-26 10:15:57,540-: batch_size               64
Training: 2021-10-26 10:15:57,540-: lr                       0.1
Training: 2021-10-26 10:15:57,540-: rec                      /data
Training: 2021-10-26 10:15:57,540-: num_classes              10572
Training: 2021-10-26 10:15:57,540-: num_image                forget
Training: 2021-10-26 10:15:57,540-: num_epoch                1
Training: 2021-10-26 10:15:57,540-: warmup_epoch             -1
Training: 2021-10-26 10:15:57,540-: decay_epoch              [20, 30, 40]
Training: 2021-10-26 10:15:57,541-: val_targets              ['lfw', 'cfp_fp', 'agedb_30']
Training: 2021-10-26 10:15:57,541-: warmup_step              -2483
Training: 2021-10-26 10:15:57,541-: total_step               2483
Training: 2021-10-26 10:15:57,541-: decay_step               [49674, 74512, 99349]
Training: 2021-10-26 10:15:57,541-Dataset initialization
Training: 2021-10-26 10:17:12,769-Dataset initialization completed
Training: 2021-10-26 10:17:15,611-Reducer buckets have been rebuilt in this iteration.
Training: 2021-10-26 10:17:44,282-Speed 437.61 samples/sec   Loss 43.5654   LearningRate 0.0250000   Epoch: 0   Global Step: 100   Required: 0 hours
Training: 2021-10-26 10:17:59,200-Speed 429.20 samples/sec   Loss 43.4268   LearningRate 0.0250000   Epoch: 0   Global Step: 150   Required: 0 hours
Training: 2021-10-26 10:18:14,661-Speed 414.10 samples/sec   Loss 42.9042   LearningRate 0.0250000   Epoch: 0   Global Step: 200   Required: 0 hours
Training: 2021-10-26 10:18:30,263-Speed 410.39 samples/sec   Loss 42.5630   LearningRate 0.0250000   Epoch: 0   Global Step: 250   Required: 0 hours
Training: 2021-10-26 10:18:45,431-Speed 422.13 samples/sec   Loss 42.2826   LearningRate 0.0250000   Epoch: 0   Global Step: 300   Required: 0 hours
Training: 2021-10-26 10:19:00,369-Speed 428.63 samples/sec   Loss 41.8450   LearningRate 0.0250000   Epoch: 0   Global Step: 350   Required: 0 hours
Training: 2021-10-26 10:19:15,321-Speed 428.21 samples/sec   Loss 41.4231   LearningRate 0.0250000   Epoch: 0   Global Step: 400   Required: 0 hours
Training: 2021-10-26 10:19:30,499-Speed 421.84 samples/sec   Loss 41.1556   LearningRate 0.0250000   Epoch: 0   Global Step: 450   Required: 0 hours
Training: 2021-10-26 10:19:45,715-Speed 420.80 samples/sec   Loss 40.8410   LearningRate 0.0250000   Epoch: 0   Global Step: 500   Required: 0 hours
Training: 2021-10-26 10:20:00,943-Speed 420.47 samples/sec   Loss 40.5852   LearningRate 0.0250000   Epoch: 0   Global Step: 550   Required: 0 hours
Training: 2021-10-26 10:20:16,125-Speed 421.74 samples/sec   Loss 40.2068   LearningRate 0.0250000   Epoch: 0   Global Step: 600   Required: 0 hours
Training: 2021-10-26 10:20:31,295-Speed 422.07 samples/sec   Loss 39.8061   LearningRate 0.0250000   Epoch: 0   Global Step: 650   Required: 0 hours
Training: 2021-10-26 10:20:46,439-Speed 422.79 samples/sec   Loss 39.6481   LearningRate 0.0250000   Epoch: 0   Global Step: 700   Required: 0 hours
Training: 2021-10-26 10:21:01,645-Speed 421.07 samples/sec   Loss 39.3407   LearningRate 0.0250000   Epoch: 0   Global Step: 750   Required: 0 hours
Training: 2021-10-26 10:21:16,853-Speed 421.01 samples/sec   Loss 39.0785   LearningRate 0.0250000   Epoch: 0   Global Step: 800   Required: 0 hours
Training: 2021-10-26 10:21:32,063-Speed 420.96 samples/sec   Loss 38.6914   LearningRate 0.0250000   Epoch: 0   Global Step: 850   Required: 0 hours
Training: 2021-10-26 10:21:47,280-Speed 420.78 samples/sec   Loss 38.3790   LearningRate 0.0250000   Epoch: 0   Global Step: 900   Required: 0 hours
Training: 2021-10-26 10:22:02,507-Speed 420.47 samples/sec   Loss 38.2171   LearningRate 0.0250000   Epoch: 0   Global Step: 950   Required: 0 hours
Training: 2021-10-26 10:22:17,723-Speed 420.79 samples/sec   Loss 37.8214   LearningRate 0.0250000   Epoch: 0   Global Step: 1000   Required: 0 hours
Training: 2021-10-26 10:22:32,933-Speed 420.96 samples/sec   Loss 37.5423   LearningRate 0.0250000   Epoch: 0   Global Step: 1050   Required: 0 hours
Training: 2021-10-26 10:22:48,144-Speed 420.95 samples/sec   Loss 37.2858   LearningRate 0.0250000   Epoch: 0   Global Step: 1100   Required: 0 hours
Training: 2021-10-26 10:23:03,364-Speed 420.69 samples/sec   Loss 36.9217   LearningRate 0.0250000   Epoch: 0   Global Step: 1150   Required: 0 hours
Training: 2021-10-26 10:23:18,563-Speed 421.25 samples/sec   Loss 36.7289   LearningRate 0.0250000   Epoch: 0   Global Step: 1200   Required: 0 hours
Training: 2021-10-26 10:23:33,749-Speed 421.61 samples/sec   Loss 36.4218   LearningRate 0.0250000   Epoch: 0   Global Step: 1250   Required: 0 hours
Training: 2021-10-26 10:23:48,957-Speed 421.02 samples/sec   Loss 36.0065   LearningRate 0.0250000   Epoch: 0   Global Step: 1300   Required: 0 hours
Training: 2021-10-26 10:24:04,177-Speed 420.69 samples/sec   Loss 35.6830   LearningRate 0.0250000   Epoch: 0   Global Step: 1350   Required: 0 hours
Training: 2021-10-26 10:24:19,410-Speed 420.34 samples/sec   Loss 35.3981   LearningRate 0.0250000   Epoch: 0   Global Step: 1400   Required: 0 hours
Training: 2021-10-26 10:24:34,614-Speed 421.12 samples/sec   Loss 35.2185   LearningRate 0.0250000   Epoch: 0   Global Step: 1450   Required: 0 hours
Training: 2021-10-26 10:24:49,825-Speed 420.94 samples/sec   Loss 35.1511   LearningRate 0.0250000   Epoch: 0   Global Step: 1500   Required: 0 hours
Training: 2021-10-26 10:25:05,027-Speed 421.16 samples/sec   Loss 34.6902   LearningRate 0.0250000   Epoch: 0   Global Step: 1550   Required: 0 hours
Training: 2021-10-26 10:25:20,260-Speed 420.33 samples/sec   Loss 34.4312   LearningRate 0.0250000   Epoch: 0   Global Step: 1600   Required: 0 hours
Training: 2021-10-26 10:25:35,475-Speed 420.82 samples/sec   Loss 34.0771   LearningRate 0.0250000   Epoch: 0   Global Step: 1650   Required: 0 hours
Training: 2021-10-26 10:25:50,680-Speed 421.09 samples/sec   Loss 33.8565   LearningRate 0.0250000   Epoch: 0   Global Step: 1700   Required: 0 hours
Training: 2021-10-26 10:26:05,897-Speed 420.77 samples/sec   Loss 33.4241   LearningRate 0.0250000   Epoch: 0   Global Step: 1750   Required: 0 hours
Training: 2021-10-26 10:26:21,118-Speed 420.65 samples/sec   Loss 33.1566   LearningRate 0.0250000   Epoch: 0   Global Step: 1800   Required: 0 hours
Training: 2021-10-26 10:26:36,342-Speed 420.58 samples/sec   Loss 33.0956   LearningRate 0.0250000   Epoch: 0   Global Step: 1850   Required: 0 hours
Training: 2021-10-26 10:26:51,551-Speed 420.97 samples/sec   Loss 32.7713   LearningRate 0.0250000   Epoch: 0   Global Step: 1900   Required: 0 hours
Training: 2021-10-26 10:27:06,743-Speed 421.48 samples/sec   Loss 32.2952   LearningRate 0.0250000   Epoch: 0   Global Step: 1950   Required: 0 hours
Training: 2021-10-26 10:27:21,928-Speed 421.64 samples/sec   Loss 32.1367   LearningRate 0.0250000   Epoch: 0   Global Step: 2000   Required: 0 hours
Training: 2021-10-26 10:28:07,197-[lfw][2000]XNorm: 32.027897
Training: 2021-10-26 10:28:07,197-[lfw][2000]Accuracy-Flip: 0.81133+-0.01570
Training: 2021-10-26 10:28:07,197-[lfw][2000]Accuracy-Highest: 0.81133
Training: 2021-10-26 10:28:59,849-[cfp_fp][2000]XNorm: 30.165122
Training: 2021-10-26 10:28:59,849-[cfp_fp][2000]Accuracy-Flip: 0.63700+-0.02184
Training: 2021-10-26 10:28:59,850-[cfp_fp][2000]Accuracy-Highest: 0.63700
Training: 2021-10-26 10:29:45,237-[agedb_30][2000]XNorm: 28.137207
Training: 2021-10-26 10:29:45,237-[agedb_30][2000]Accuracy-Flip: 0.55167+-0.01709
Training: 2021-10-26 10:29:45,238-[agedb_30][2000]Accuracy-Highest: 0.55167
Training: 2021-10-26 10:30:00,476-Speed 40.37 samples/sec   Loss 31.8681   LearningRate 0.0250000   Epoch: 0   Global Step: 2050   Required: 0 hours
Training: 2021-10-26 10:30:15,688-Speed 420.90 samples/sec   Loss 31.7397   LearningRate 0.0250000   Epoch: 0   Global Step: 2100   Required: 0 hours
Training: 2021-10-26 10:30:30,892-Speed 421.12 samples/sec   Loss 31.3461   LearningRate 0.0250000   Epoch: 0   Global Step: 2150   Required: 0 hours
Training: 2021-10-26 10:30:46,127-Speed 420.28 samples/sec   Loss 31.3225   LearningRate 0.0250000   Epoch: 0   Global Step: 2200   Required: 0 hours
Training: 2021-10-26 10:31:01,365-Speed 420.17 samples/sec   Loss 31.2387   LearningRate 0.0250000   Epoch: 0   Global Step: 2250   Required: 0 hours
Training: 2021-10-26 10:31:16,603-Speed 420.20 samples/sec   Loss 30.7171   LearningRate 0.0250000   Epoch: 0   Global Step: 2300   Required: 0 hours
Training: 2021-10-26 10:31:31,896-Speed 418.66 samples/sec   Loss 30.5063   LearningRate 0.0250000   Epoch: 0   Global Step: 2350   Required: 0 hours
Training: 2021-10-26 10:31:47,127-Speed 420.38 samples/sec   Loss 30.1036   LearningRate 0.0250000   Epoch: 0   Global Step: 2400   Required: 0 hours
Training: 2021-10-26 10:32:02,354-Speed 420.49 samples/sec   Loss 30.0232   LearningRate 0.0250000   Epoch: 0   Global Step: 2450   Required: 0 hours
Training: 2021-10-26 10:32:12,749-Pytorch Model Saved in '/output/webface_r18_1024/backbone.pth'
Training: 2021-10-26 10:32:14,019-Pytorch Model Saved in '/output/webface_r18_1024/backbone_000.pth'
