Training: 2021-10-28 22:59:42,753-rank_id: 0
Training: 2021-10-28 22:59:49,109-backbone resume successfully!
Training: 2021-10-28 22:59:49,191-softmax weight init!
Training: 2021-10-28 22:59:49,191-softmax weight mom init!
Training: 2021-10-28 22:59:49,193-: loss                     arcface
Training: 2021-10-28 22:59:49,193-: network                  r50
Training: 2021-10-28 22:59:49,193-: resume                   True
Training: 2021-10-28 22:59:49,193-: output                   /output/webface_r50_512_3
Training: 2021-10-28 22:59:49,193-: dataset                  webface
Training: 2021-10-28 22:59:49,193-: embedding_size           512
Training: 2021-10-28 22:59:49,193-: sample_rate              1
Training: 2021-10-28 22:59:49,193-: fp16                     False
Training: 2021-10-28 22:59:49,193-: momentum                 0.9
Training: 2021-10-28 22:59:49,193-: weight_decay             0.0005
Training: 2021-10-28 22:59:49,193-: batch_size               64
Training: 2021-10-28 22:59:49,194-: lr                       0.1
Training: 2021-10-28 22:59:49,194-: rec                      /data
Training: 2021-10-28 22:59:49,194-: num_classes              10572
Training: 2021-10-28 22:59:49,194-: num_image                forget
Training: 2021-10-28 22:59:49,194-: num_epoch                10
Training: 2021-10-28 22:59:49,194-: warmup_epoch             -1
Training: 2021-10-28 22:59:49,194-: decay_epoch              []
Training: 2021-10-28 22:59:49,194-: val_targets              ['agedb_30', 'dev_00', 'dev_04']
Training: 2021-10-28 22:59:49,194-: resume_file              /pretrained/backbone.pth
Training: 2021-10-28 22:59:49,194-: warmup_step              -2483
Training: 2021-10-28 22:59:49,194-: total_step               24830
Training: 2021-10-28 22:59:49,194-: decay_step               []
Training: 2021-10-28 22:59:49,194-Dataset initialization
Training: 2021-10-28 23:01:39,413-Dataset initialization completed
Training: 2021-10-28 23:01:43,449-Reducer buckets have been rebuilt in this iteration.
Training: 2021-10-28 23:03:01,843-Speed 154.76 samples/sec   Loss 34.2822   LearningRate 0.0250000   Epoch: 0   Global Step: 100   Required: 6 hours
Training: 2021-10-28 23:03:40,925-Speed 163.77 samples/sec   Loss 25.3398   LearningRate 0.0250000   Epoch: 0   Global Step: 150   Required: 6 hours
Training: 2021-10-28 23:04:18,879-Speed 168.64 samples/sec   Loss 22.6873   LearningRate 0.0250000   Epoch: 0   Global Step: 200   Required: 5 hours
Training: 2021-10-28 23:04:55,334-Speed 175.57 samples/sec   Loss 20.6077   LearningRate 0.0250000   Epoch: 0   Global Step: 250   Required: 5 hours
Training: 2021-10-28 23:05:28,258-Speed 194.41 samples/sec   Loss 19.4946   LearningRate 0.0250000   Epoch: 0   Global Step: 300   Required: 5 hours
Training: 2021-10-28 23:05:58,486-Speed 211.74 samples/sec   Loss 18.2743   LearningRate 0.0250000   Epoch: 0   Global Step: 350   Required: 5 hours
Training: 2021-10-28 23:06:26,342-Speed 229.78 samples/sec   Loss 17.0952   LearningRate 0.0250000   Epoch: 0   Global Step: 400   Required: 5 hours
Training: 2021-10-28 23:06:52,541-Speed 244.32 samples/sec   Loss 16.5184   LearningRate 0.0250000   Epoch: 0   Global Step: 450   Required: 5 hours
Training: 2021-10-28 23:07:18,443-Speed 247.10 samples/sec   Loss 16.1409   LearningRate 0.0250000   Epoch: 0   Global Step: 500   Required: 5 hours
Training: 2021-10-28 23:07:44,221-Speed 248.29 samples/sec   Loss 15.8439   LearningRate 0.0250000   Epoch: 0   Global Step: 550   Required: 4 hours
Training: 2021-10-28 23:08:09,966-Speed 248.62 samples/sec   Loss 15.0246   LearningRate 0.0250000   Epoch: 0   Global Step: 600   Required: 4 hours
Training: 2021-10-28 23:08:35,748-Speed 248.27 samples/sec   Loss 14.8794   LearningRate 0.0250000   Epoch: 0   Global Step: 650   Required: 4 hours
Training: 2021-10-28 23:09:01,529-Speed 248.28 samples/sec   Loss 14.6678   LearningRate 0.0250000   Epoch: 0   Global Step: 700   Required: 4 hours
Training: 2021-10-28 23:09:27,274-Speed 248.63 samples/sec   Loss 14.3798   LearningRate 0.0250000   Epoch: 0   Global Step: 750   Required: 4 hours
Training: 2021-10-28 23:09:53,019-Speed 248.62 samples/sec   Loss 14.2565   LearningRate 0.0250000   Epoch: 0   Global Step: 800   Required: 4 hours
Training: 2021-10-28 23:10:18,766-Speed 248.60 samples/sec   Loss 13.7057   LearningRate 0.0250000   Epoch: 0   Global Step: 850   Required: 4 hours
Training: 2021-10-28 23:10:44,548-Speed 248.26 samples/sec   Loss 13.7011   LearningRate 0.0250000   Epoch: 0   Global Step: 900   Required: 4 hours
Training: 2021-10-28 23:11:10,311-Speed 248.44 samples/sec   Loss 13.7065   LearningRate 0.0250000   Epoch: 0   Global Step: 950   Required: 4 hours
Training: 2021-10-28 23:11:36,070-Speed 248.48 samples/sec   Loss 13.3561   LearningRate 0.0250000   Epoch: 0   Global Step: 1000   Required: 4 hours
Training: 2021-10-28 23:12:01,824-Speed 248.54 samples/sec   Loss 13.2482   LearningRate 0.0250000   Epoch: 0   Global Step: 1050   Required: 4 hours
Training: 2021-10-28 23:12:27,663-Speed 247.72 samples/sec   Loss 13.2058   LearningRate 0.0250000   Epoch: 0   Global Step: 1100   Required: 4 hours
Training: 2021-10-28 23:12:53,566-Speed 247.09 samples/sec   Loss 12.8801   LearningRate 0.0250000   Epoch: 0   Global Step: 1150   Required: 4 hours
Training: 2021-10-28 23:13:19,467-Speed 247.14 samples/sec   Loss 12.8870   LearningRate 0.0250000   Epoch: 0   Global Step: 1200   Required: 4 hours
Training: 2021-10-28 23:13:45,341-Speed 247.38 samples/sec   Loss 12.7447   LearningRate 0.0250000   Epoch: 0   Global Step: 1250   Required: 4 hours
Training: 2021-10-28 23:14:11,219-Speed 247.34 samples/sec   Loss 12.5788   LearningRate 0.0250000   Epoch: 0   Global Step: 1300   Required: 4 hours
Training: 2021-10-28 23:14:37,125-Speed 247.06 samples/sec   Loss 12.3469   LearningRate 0.0250000   Epoch: 0   Global Step: 1350   Required: 4 hours
Training: 2021-10-28 23:15:03,036-Speed 247.02 samples/sec   Loss 12.3252   LearningRate 0.0250000   Epoch: 0   Global Step: 1400   Required: 4 hours
Training: 2021-10-28 23:15:28,966-Speed 246.84 samples/sec   Loss 12.2935   LearningRate 0.0250000   Epoch: 0   Global Step: 1450   Required: 4 hours
Training: 2021-10-28 23:15:54,897-Speed 246.83 samples/sec   Loss 12.6028   LearningRate 0.0250000   Epoch: 0   Global Step: 1500   Required: 4 hours
Training: 2021-10-28 23:16:20,721-Speed 247.84 samples/sec   Loss 12.4182   LearningRate 0.0250000   Epoch: 0   Global Step: 1550   Required: 4 hours
Training: 2021-10-28 23:16:46,515-Speed 248.16 samples/sec   Loss 12.3656   LearningRate 0.0250000   Epoch: 0   Global Step: 1600   Required: 4 hours
Training: 2021-10-28 23:17:12,344-Speed 247.80 samples/sec   Loss 12.1678   LearningRate 0.0250000   Epoch: 0   Global Step: 1650   Required: 4 hours
Training: 2021-10-28 23:17:38,207-Speed 247.47 samples/sec   Loss 12.1843   LearningRate 0.0250000   Epoch: 0   Global Step: 1700   Required: 4 hours
Training: 2021-10-28 23:18:04,076-Speed 247.42 samples/sec   Loss 12.0924   LearningRate 0.0250000   Epoch: 0   Global Step: 1750   Required: 4 hours
Training: 2021-10-28 23:18:29,930-Speed 247.58 samples/sec   Loss 12.1000   LearningRate 0.0250000   Epoch: 0   Global Step: 1800   Required: 4 hours
Training: 2021-10-28 23:18:55,803-Speed 247.38 samples/sec   Loss 12.1323   LearningRate 0.0250000   Epoch: 0   Global Step: 1850   Required: 4 hours
Training: 2021-10-28 23:19:21,653-Speed 247.62 samples/sec   Loss 11.9393   LearningRate 0.0250000   Epoch: 0   Global Step: 1900   Required: 4 hours
Training: 2021-10-28 23:19:47,532-Speed 247.33 samples/sec   Loss 11.6456   LearningRate 0.0250000   Epoch: 0   Global Step: 1950   Required: 4 hours
Training: 2021-10-28 23:20:13,381-Speed 247.63 samples/sec   Loss 11.8055   LearningRate 0.0250000   Epoch: 0   Global Step: 2000   Required: 4 hours
Training: 2021-10-28 23:21:37,377-[agedb_30][2000]XNorm: 13.321588
Training: 2021-10-28 23:21:37,377-[agedb_30][2000]Accuracy-Flip: 0.74433+-0.02544
Training: 2021-10-28 23:21:37,377-[agedb_30][2000]Accuracy-Highest: 0.74433
Training: 2021-10-28 23:25:04,022-[dev_00][2000]XNorm: 16.062772
Training: 2021-10-28 23:25:04,022-[dev_00][2000]Accuracy-Flip: 0.52987+-0.04349
Training: 2021-10-28 23:25:04,022-[dev_00][2000]Accuracy-Highest: 0.52987
Training: 2021-10-28 23:26:35,133-[dev_04][2000]XNorm: 16.026600
Training: 2021-10-28 23:26:35,134-[dev_04][2000]Accuracy-Flip: 0.48962+-0.01964
Training: 2021-10-28 23:26:35,134-[dev_04][2000]Accuracy-Highest: 0.48962
Training: 2021-10-28 23:27:00,161-Speed 15.73 samples/sec   Loss 11.8590   LearningRate 0.0250000   Epoch: 0   Global Step: 2050   Required: 5 hours
Training: 2021-10-28 23:27:25,255-Speed 255.08 samples/sec   Loss 11.8819   LearningRate 0.0250000   Epoch: 0   Global Step: 2100   Required: 5 hours
Training: 2021-10-28 23:27:50,279-Speed 255.79 samples/sec   Loss 11.7757   LearningRate 0.0250000   Epoch: 0   Global Step: 2150   Required: 5 hours
Training: 2021-10-28 23:28:15,291-Speed 255.92 samples/sec   Loss 12.0046   LearningRate 0.0250000   Epoch: 0   Global Step: 2200   Required: 5 hours
Training: 2021-10-28 23:28:40,380-Speed 255.13 samples/sec   Loss 11.9226   LearningRate 0.0250000   Epoch: 0   Global Step: 2250   Required: 5 hours
Training: 2021-10-28 23:29:05,666-Speed 253.14 samples/sec   Loss 11.6626   LearningRate 0.0250000   Epoch: 0   Global Step: 2300   Required: 4 hours
Training: 2021-10-28 23:29:31,008-Speed 252.56 samples/sec   Loss 11.7851   LearningRate 0.0250000   Epoch: 0   Global Step: 2350   Required: 4 hours
Training: 2021-10-28 23:29:56,577-Speed 250.34 samples/sec   Loss 11.5160   LearningRate 0.0250000   Epoch: 0   Global Step: 2400   Required: 4 hours
Training: 2021-10-28 23:30:22,274-Speed 249.09 samples/sec   Loss 11.7502   LearningRate 0.0250000   Epoch: 0   Global Step: 2450   Required: 4 hours
Training: 2021-10-28 23:30:39,705-Pytorch Model Saved in '/output/webface_r50_512_3/backbone.pth'
Training: 2021-10-28 23:30:41,190-Pytorch Model Saved in '/output/webface_r50_512_3/backbone_000.pth'
Training: 2021-10-28 23:30:50,815-Speed 224.26 samples/sec   Loss 11.0343   LearningRate 0.0250000   Epoch: 1   Global Step: 2500   Required: 4 hours
Training: 2021-10-28 23:31:16,761-Speed 246.69 samples/sec   Loss 9.6695   LearningRate 0.0250000   Epoch: 1   Global Step: 2550   Required: 4 hours
Training: 2021-10-28 23:31:42,633-Speed 247.39 samples/sec   Loss 9.8228   LearningRate 0.0250000   Epoch: 1   Global Step: 2600   Required: 4 hours
Training: 2021-10-28 23:32:08,372-Speed 248.69 samples/sec   Loss 9.8239   LearningRate 0.0250000   Epoch: 1   Global Step: 2650   Required: 4 hours
Training: 2021-10-28 23:32:34,122-Speed 248.56 samples/sec   Loss 9.8939   LearningRate 0.0250000   Epoch: 1   Global Step: 2700   Required: 4 hours
Training: 2021-10-28 23:32:59,967-Speed 247.66 samples/sec   Loss 9.8120   LearningRate 0.0250000   Epoch: 1   Global Step: 2750   Required: 4 hours
Training: 2021-10-28 23:33:25,922-Speed 246.61 samples/sec   Loss 10.0653   LearningRate 0.0250000   Epoch: 1   Global Step: 2800   Required: 4 hours
Training: 2021-10-28 23:33:51,740-Speed 247.89 samples/sec   Loss 10.1406   LearningRate 0.0250000   Epoch: 1   Global Step: 2850   Required: 4 hours
Training: 2021-10-28 23:34:17,539-Speed 248.10 samples/sec   Loss 10.2119   LearningRate 0.0250000   Epoch: 1   Global Step: 2900   Required: 4 hours
Training: 2021-10-28 23:34:43,331-Speed 248.17 samples/sec   Loss 10.1466   LearningRate 0.0250000   Epoch: 1   Global Step: 2950   Required: 4 hours
Training: 2021-10-28 23:35:09,242-Speed 247.04 samples/sec   Loss 10.3013   LearningRate 0.0250000   Epoch: 1   Global Step: 3000   Required: 4 hours
Training: 2021-10-28 23:35:35,214-Speed 246.45 samples/sec   Loss 10.4847   LearningRate 0.0250000   Epoch: 1   Global Step: 3050   Required: 4 hours
Training: 2021-10-28 23:36:01,115-Speed 247.13 samples/sec   Loss 10.6673   LearningRate 0.0250000   Epoch: 1   Global Step: 3100   Required: 4 hours
Training: 2021-10-28 23:36:27,049-Speed 246.79 samples/sec   Loss 10.6947   LearningRate 0.0250000   Epoch: 1   Global Step: 3150   Required: 4 hours
Training: 2021-10-28 23:36:52,965-Speed 246.98 samples/sec   Loss 10.6669   LearningRate 0.0250000   Epoch: 1   Global Step: 3200   Required: 4 hours
Training: 2021-10-28 23:37:18,848-Speed 247.29 samples/sec   Loss 10.7552   LearningRate 0.0250000   Epoch: 1   Global Step: 3250   Required: 4 hours
Training: 2021-10-28 23:37:44,738-Speed 247.23 samples/sec   Loss 10.5714   LearningRate 0.0250000   Epoch: 1   Global Step: 3300   Required: 4 hours
Training: 2021-10-28 23:38:10,620-Speed 247.31 samples/sec   Loss 10.6840   LearningRate 0.0250000   Epoch: 1   Global Step: 3350   Required: 4 hours
Training: 2021-10-28 23:38:36,504-Speed 247.28 samples/sec   Loss 10.6134   LearningRate 0.0250000   Epoch: 1   Global Step: 3400   Required: 4 hours
Training: 2021-10-28 23:39:02,333-Speed 247.82 samples/sec   Loss 10.7414   LearningRate 0.0250000   Epoch: 1   Global Step: 3450   Required: 4 hours
Training: 2021-10-28 23:39:28,210-Speed 247.36 samples/sec   Loss 10.8905   LearningRate 0.0250000   Epoch: 1   Global Step: 3500   Required: 4 hours
Training: 2021-10-28 23:39:54,101-Speed 247.22 samples/sec   Loss 10.6951   LearningRate 0.0250000   Epoch: 1   Global Step: 3550   Required: 4 hours
Training: 2021-10-28 23:40:19,964-Speed 247.49 samples/sec   Loss 11.1499   LearningRate 0.0250000   Epoch: 1   Global Step: 3600   Required: 4 hours
Training: 2021-10-28 23:40:45,774-Speed 247.98 samples/sec   Loss 10.9932   LearningRate 0.0250000   Epoch: 1   Global Step: 3650   Required: 4 hours
Training: 2021-10-28 23:41:11,650-Speed 247.35 samples/sec   Loss 11.2861   LearningRate 0.0250000   Epoch: 1   Global Step: 3700   Required: 4 hours
Training: 2021-10-28 23:41:37,513-Speed 247.49 samples/sec   Loss 11.0500   LearningRate 0.0250000   Epoch: 1   Global Step: 3750   Required: 4 hours
Training: 2021-10-28 23:42:03,350-Speed 247.73 samples/sec   Loss 10.8991   LearningRate 0.0250000   Epoch: 1   Global Step: 3800   Required: 4 hours
Training: 2021-10-28 23:42:29,176-Speed 247.82 samples/sec   Loss 10.7865   LearningRate 0.0250000   Epoch: 1   Global Step: 3850   Required: 4 hours
Training: 2021-10-28 23:42:54,978-Speed 248.07 samples/sec   Loss 10.9644   LearningRate 0.0250000   Epoch: 1   Global Step: 3900   Required: 4 hours
Training: 2021-10-28 23:43:20,802-Speed 247.87 samples/sec   Loss 10.9640   LearningRate 0.0250000   Epoch: 1   Global Step: 3950   Required: 4 hours
Training: 2021-10-28 23:43:46,595-Speed 248.16 samples/sec   Loss 11.1017   LearningRate 0.0250000   Epoch: 1   Global Step: 4000   Required: 4 hours
Training: 2021-10-28 23:45:10,077-[agedb_30][4000]XNorm: 13.487933
Training: 2021-10-28 23:45:10,077-[agedb_30][4000]Accuracy-Flip: 0.72383+-0.02004
Training: 2021-10-28 23:45:10,077-[agedb_30][4000]Accuracy-Highest: 0.74433
Training: 2021-10-28 23:48:36,688-[dev_00][4000]XNorm: 15.529235
Training: 2021-10-28 23:48:36,689-[dev_00][4000]Accuracy-Flip: 0.51633+-0.03021
Training: 2021-10-28 23:48:36,689-[dev_00][4000]Accuracy-Highest: 0.52987
Training: 2021-10-28 23:50:07,761-[dev_04][4000]XNorm: 15.592512
Training: 2021-10-28 23:50:07,761-[dev_04][4000]Accuracy-Flip: 0.49084+-0.02016
Training: 2021-10-28 23:50:07,761-[dev_04][4000]Accuracy-Highest: 0.49084
Training: 2021-10-28 23:50:32,740-Speed 15.76 samples/sec   Loss 11.0104   LearningRate 0.0250000   Epoch: 1   Global Step: 4050   Required: 4 hours
Training: 2021-10-28 23:50:57,802-Speed 255.40 samples/sec   Loss 10.9900   LearningRate 0.0250000   Epoch: 1   Global Step: 4100   Required: 4 hours
Training: 2021-10-28 23:51:22,806-Speed 255.99 samples/sec   Loss 11.4869   LearningRate 0.0250000   Epoch: 1   Global Step: 4150   Required: 4 hours
Training: 2021-10-28 23:51:47,834-Speed 255.74 samples/sec   Loss 11.3500   LearningRate 0.0250000   Epoch: 1   Global Step: 4200   Required: 4 hours
Training: 2021-10-28 23:52:12,917-Speed 255.19 samples/sec   Loss 11.1181   LearningRate 0.0250000   Epoch: 1   Global Step: 4250   Required: 4 hours
Training: 2021-10-28 23:52:38,135-Speed 253.82 samples/sec   Loss 11.0804   LearningRate 0.0250000   Epoch: 1   Global Step: 4300   Required: 4 hours
Training: 2021-10-28 23:53:03,502-Speed 252.33 samples/sec   Loss 11.1848   LearningRate 0.0250000   Epoch: 1   Global Step: 4350   Required: 4 hours
Training: 2021-10-28 23:53:28,997-Speed 251.06 samples/sec   Loss 11.1021   LearningRate 0.0250000   Epoch: 1   Global Step: 4400   Required: 4 hours
Training: 2021-10-28 23:53:54,615-Speed 249.86 samples/sec   Loss 11.2031   LearningRate 0.0250000   Epoch: 1   Global Step: 4450   Required: 4 hours
Training: 2021-10-28 23:54:20,327-Speed 248.95 samples/sec   Loss 11.1295   LearningRate 0.0250000   Epoch: 1   Global Step: 4500   Required: 4 hours
Training: 2021-10-28 23:54:46,071-Speed 248.63 samples/sec   Loss 11.1141   LearningRate 0.0250000   Epoch: 1   Global Step: 4550   Required: 4 hours
Training: 2021-10-28 23:55:11,882-Speed 247.99 samples/sec   Loss 11.2323   LearningRate 0.0250000   Epoch: 1   Global Step: 4600   Required: 4 hours
Training: 2021-10-28 23:55:37,749-Speed 247.45 samples/sec   Loss 11.1731   LearningRate 0.0250000   Epoch: 1   Global Step: 4650   Required: 4 hours
Training: 2021-10-28 23:56:03,623-Speed 247.39 samples/sec   Loss 11.1135   LearningRate 0.0250000   Epoch: 1   Global Step: 4700   Required: 4 hours
Training: 2021-10-28 23:56:29,553-Speed 246.85 samples/sec   Loss 11.2204   LearningRate 0.0250000   Epoch: 1   Global Step: 4750   Required: 4 hours
Training: 2021-10-28 23:56:55,491-Speed 246.77 samples/sec   Loss 11.5006   LearningRate 0.0250000   Epoch: 1   Global Step: 4800   Required: 4 hours
Training: 2021-10-28 23:57:21,290-Speed 248.10 samples/sec   Loss 11.3565   LearningRate 0.0250000   Epoch: 1   Global Step: 4850   Required: 4 hours
Training: 2021-10-28 23:57:47,018-Speed 248.79 samples/sec   Loss 11.5839   LearningRate 0.0250000   Epoch: 1   Global Step: 4900   Required: 4 hours
Training: 2021-10-28 23:58:12,788-Speed 248.38 samples/sec   Loss 11.2417   LearningRate 0.0250000   Epoch: 1   Global Step: 4950   Required: 4 hours
Training: 2021-10-28 23:58:22,545-Pytorch Model Saved in '/output/webface_r50_512_3/backbone.pth'
Training: 2021-10-28 23:58:41,216-Speed 225.16 samples/sec   Loss 9.7236   LearningRate 0.0250000   Epoch: 2   Global Step: 5000   Required: 4 hours
Training: 2021-10-28 23:59:07,177-Speed 246.56 samples/sec   Loss 9.3064   LearningRate 0.0250000   Epoch: 2   Global Step: 5050   Required: 4 hours
Training: 2021-10-28 23:59:33,018-Speed 247.69 samples/sec   Loss 9.4269   LearningRate 0.0250000   Epoch: 2   Global Step: 5100   Required: 4 hours
Training: 2021-10-28 23:59:58,807-Speed 248.18 samples/sec   Loss 9.3560   LearningRate 0.0250000   Epoch: 2   Global Step: 5150   Required: 4 hours
Training: 2021-10-29 00:00:24,507-Speed 249.05 samples/sec   Loss 9.4523   LearningRate 0.0250000   Epoch: 2   Global Step: 5200   Required: 4 hours
Training: 2021-10-29 00:00:50,226-Speed 248.88 samples/sec   Loss 9.7455   LearningRate 0.0250000   Epoch: 2   Global Step: 5250   Required: 4 hours
Training: 2021-10-29 00:01:16,121-Speed 247.18 samples/sec   Loss 9.8002   LearningRate 0.0250000   Epoch: 2   Global Step: 5300   Required: 4 hours
Training: 2021-10-29 00:01:42,071-Speed 246.65 samples/sec   Loss 9.6355   LearningRate 0.0250000   Epoch: 2   Global Step: 5350   Required: 4 hours
Training: 2021-10-29 00:02:08,047-Speed 246.41 samples/sec   Loss 9.8259   LearningRate 0.0250000   Epoch: 2   Global Step: 5400   Required: 4 hours
Training: 2021-10-29 00:02:33,853-Speed 248.03 samples/sec   Loss 10.0677   LearningRate 0.0250000   Epoch: 2   Global Step: 5450   Required: 4 hours
Training: 2021-10-29 00:02:59,638-Speed 248.24 samples/sec   Loss 10.0098   LearningRate 0.0250000   Epoch: 2   Global Step: 5500   Required: 4 hours
Training: 2021-10-29 00:03:25,425-Speed 248.22 samples/sec   Loss 10.4260   LearningRate 0.0250000   Epoch: 2   Global Step: 5550   Required: 4 hours
Training: 2021-10-29 00:03:51,241-Speed 247.92 samples/sec   Loss 10.2214   LearningRate 0.0250000   Epoch: 2   Global Step: 5600   Required: 4 hours
Training: 2021-10-29 00:04:17,070-Speed 247.81 samples/sec   Loss 10.1396   LearningRate 0.0250000   Epoch: 2   Global Step: 5650   Required: 4 hours
Training: 2021-10-29 00:04:42,933-Speed 247.49 samples/sec   Loss 10.3197   LearningRate 0.0250000   Epoch: 2   Global Step: 5700   Required: 4 hours
Training: 2021-10-29 00:05:08,803-Speed 247.42 samples/sec   Loss 10.3602   LearningRate 0.0250000   Epoch: 2   Global Step: 5750   Required: 4 hours
Training: 2021-10-29 00:05:34,663-Speed 247.52 samples/sec   Loss 10.4625   LearningRate 0.0250000   Epoch: 2   Global Step: 5800   Required: 3 hours
Training: 2021-10-29 00:06:00,561-Speed 247.15 samples/sec   Loss 10.4151   LearningRate 0.0250000   Epoch: 2   Global Step: 5850   Required: 3 hours
Training: 2021-10-29 00:06:26,497-Speed 246.79 samples/sec   Loss 10.6616   LearningRate 0.0250000   Epoch: 2   Global Step: 5900   Required: 3 hours
Training: 2021-10-29 00:06:52,397-Speed 247.14 samples/sec   Loss 10.6149   LearningRate 0.0250000   Epoch: 2   Global Step: 5950   Required: 3 hours
Training: 2021-10-29 00:07:18,315-Speed 246.96 samples/sec   Loss 10.7871   LearningRate 0.0250000   Epoch: 2   Global Step: 6000   Required: 3 hours
Training: 2021-10-29 00:08:41,843-[agedb_30][6000]XNorm: 14.678101
Training: 2021-10-29 00:08:41,843-[agedb_30][6000]Accuracy-Flip: 0.76933+-0.02534
Training: 2021-10-29 00:08:41,843-[agedb_30][6000]Accuracy-Highest: 0.76933
Training: 2021-10-29 00:12:08,182-[dev_00][6000]XNorm: 16.585962
Training: 2021-10-29 00:12:08,182-[dev_00][6000]Accuracy-Flip: 0.51667+-0.03532
Training: 2021-10-29 00:12:08,182-[dev_00][6000]Accuracy-Highest: 0.52987
Training: 2021-10-29 00:13:39,242-[dev_04][6000]XNorm: 16.576406
Training: 2021-10-29 00:13:39,242-[dev_04][6000]Accuracy-Flip: 0.49252+-0.01690
Training: 2021-10-29 00:13:39,243-[dev_04][6000]Accuracy-Highest: 0.49252
Training: 2021-10-29 00:14:04,265-Speed 15.77 samples/sec   Loss 10.7053   LearningRate 0.0250000   Epoch: 2   Global Step: 6050   Required: 4 hours
Training: 2021-10-29 00:14:29,348-Speed 255.19 samples/sec   Loss 10.8632   LearningRate 0.0250000   Epoch: 2   Global Step: 6100   Required: 4 hours
Training: 2021-10-29 00:14:54,386-Speed 255.64 samples/sec   Loss 10.4799   LearningRate 0.0250000   Epoch: 2   Global Step: 6150   Required: 4 hours
Training: 2021-10-29 00:15:19,426-Speed 255.61 samples/sec   Loss 10.7393   LearningRate 0.0250000   Epoch: 2   Global Step: 6200   Required: 4 hours
Training: 2021-10-29 00:15:44,514-Speed 255.13 samples/sec   Loss 10.6917   LearningRate 0.0250000   Epoch: 2   Global Step: 6250   Required: 4 hours
Training: 2021-10-29 00:16:09,749-Speed 253.65 samples/sec   Loss 10.9191   LearningRate 0.0250000   Epoch: 2   Global Step: 6300   Required: 4 hours
Training: 2021-10-29 00:16:35,118-Speed 252.31 samples/sec   Loss 10.3780   LearningRate 0.0250000   Epoch: 2   Global Step: 6350   Required: 4 hours
Training: 2021-10-29 00:17:00,655-Speed 250.65 samples/sec   Loss 10.8813   LearningRate 0.0250000   Epoch: 2   Global Step: 6400   Required: 4 hours
Training: 2021-10-29 00:17:26,318-Speed 249.42 samples/sec   Loss 10.6278   LearningRate 0.0250000   Epoch: 2   Global Step: 6450   Required: 4 hours
Training: 2021-10-29 00:17:52,067-Speed 248.58 samples/sec   Loss 10.8104   LearningRate 0.0250000   Epoch: 2   Global Step: 6500   Required: 4 hours
Training: 2021-10-29 00:18:17,919-Speed 247.59 samples/sec   Loss 10.7578   LearningRate 0.0250000   Epoch: 2   Global Step: 6550   Required: 4 hours
Training: 2021-10-29 00:18:43,812-Speed 247.20 samples/sec   Loss 10.9249   LearningRate 0.0250000   Epoch: 2   Global Step: 6600   Required: 4 hours
Training: 2021-10-29 00:19:09,713-Speed 247.13 samples/sec   Loss 10.8712   LearningRate 0.0250000   Epoch: 2   Global Step: 6650   Required: 4 hours
Training: 2021-10-29 00:19:35,470-Speed 248.50 samples/sec   Loss 10.9866   LearningRate 0.0250000   Epoch: 2   Global Step: 6700   Required: 4 hours
Training: 2021-10-29 00:20:01,221-Speed 248.56 samples/sec   Loss 10.8244   LearningRate 0.0250000   Epoch: 2   Global Step: 6750   Required: 3 hours
Training: 2021-10-29 00:20:26,911-Speed 249.16 samples/sec   Loss 11.0498   LearningRate 0.0250000   Epoch: 2   Global Step: 6800   Required: 3 hours
Training: 2021-10-29 00:20:52,718-Speed 248.03 samples/sec   Loss 10.8684   LearningRate 0.0250000   Epoch: 2   Global Step: 6850   Required: 3 hours
Training: 2021-10-29 00:21:18,658-Speed 246.75 samples/sec   Loss 10.8569   LearningRate 0.0250000   Epoch: 2   Global Step: 6900   Required: 3 hours
Training: 2021-10-29 00:21:44,561-Speed 247.11 samples/sec   Loss 11.3834   LearningRate 0.0250000   Epoch: 2   Global Step: 6950   Required: 3 hours
Training: 2021-10-29 00:22:10,443-Speed 247.31 samples/sec   Loss 11.1339   LearningRate 0.0250000   Epoch: 2   Global Step: 7000   Required: 3 hours
Training: 2021-10-29 00:22:36,331-Speed 247.23 samples/sec   Loss 11.1426   LearningRate 0.0250000   Epoch: 2   Global Step: 7050   Required: 3 hours
Training: 2021-10-29 00:23:02,213-Speed 247.29 samples/sec   Loss 10.9500   LearningRate 0.0250000   Epoch: 2   Global Step: 7100   Required: 3 hours
Training: 2021-10-29 00:23:28,081-Speed 247.43 samples/sec   Loss 10.9957   LearningRate 0.0250000   Epoch: 2   Global Step: 7150   Required: 3 hours
Training: 2021-10-29 00:23:53,992-Speed 247.02 samples/sec   Loss 11.2148   LearningRate 0.0250000   Epoch: 2   Global Step: 7200   Required: 3 hours
Training: 2021-10-29 00:24:19,871-Speed 247.33 samples/sec   Loss 10.8412   LearningRate 0.0250000   Epoch: 2   Global Step: 7250   Required: 3 hours
Training: 2021-10-29 00:24:45,766-Speed 247.18 samples/sec   Loss 10.7917   LearningRate 0.0250000   Epoch: 2   Global Step: 7300   Required: 3 hours
Training: 2021-10-29 00:25:11,677-Speed 247.03 samples/sec   Loss 11.0205   LearningRate 0.0250000   Epoch: 2   Global Step: 7350   Required: 3 hours
Training: 2021-10-29 00:25:37,492-Speed 247.95 samples/sec   Loss 11.0783   LearningRate 0.0250000   Epoch: 2   Global Step: 7400   Required: 3 hours
Training: 2021-10-29 00:26:04,154-Pytorch Model Saved in '/output/webface_r50_512_3/backbone.pth'
Training: 2021-10-29 00:26:05,776-Speed 226.31 samples/sec   Loss 11.0399   LearningRate 0.0250000   Epoch: 3   Global Step: 7450   Required: 3 hours
Training: 2021-10-29 00:26:31,516-Speed 248.67 samples/sec   Loss 8.8895   LearningRate 0.0250000   Epoch: 3   Global Step: 7500   Required: 3 hours
Training: 2021-10-29 00:26:57,510-Speed 246.24 samples/sec   Loss 9.0964   LearningRate 0.0250000   Epoch: 3   Global Step: 7550   Required: 3 hours
Training: 2021-10-29 00:27:23,348-Speed 247.73 samples/sec   Loss 9.3134   LearningRate 0.0250000   Epoch: 3   Global Step: 7600   Required: 3 hours
Training: 2021-10-29 00:27:49,128-Speed 248.28 samples/sec   Loss 9.4350   LearningRate 0.0250000   Epoch: 3   Global Step: 7650   Required: 3 hours
Training: 2021-10-29 00:28:14,913-Speed 248.24 samples/sec   Loss 9.3767   LearningRate 0.0250000   Epoch: 3   Global Step: 7700   Required: 3 hours
Training: 2021-10-29 00:28:40,757-Speed 247.67 samples/sec   Loss 9.4887   LearningRate 0.0250000   Epoch: 3   Global Step: 7750   Required: 3 hours
Training: 2021-10-29 00:29:06,632-Speed 247.35 samples/sec   Loss 9.8619   LearningRate 0.0250000   Epoch: 3   Global Step: 7800   Required: 3 hours
Training: 2021-10-29 00:29:32,521-Speed 247.25 samples/sec   Loss 9.7408   LearningRate 0.0250000   Epoch: 3   Global Step: 7850   Required: 3 hours
Training: 2021-10-29 00:29:58,441-Speed 246.95 samples/sec   Loss 10.0592   LearningRate 0.0250000   Epoch: 3   Global Step: 7900   Required: 3 hours
Training: 2021-10-29 00:30:24,371-Speed 246.85 samples/sec   Loss 9.9818   LearningRate 0.0250000   Epoch: 3   Global Step: 7950   Required: 3 hours
Training: 2021-10-29 00:30:50,274-Speed 247.11 samples/sec   Loss 9.8240   LearningRate 0.0250000   Epoch: 3   Global Step: 8000   Required: 3 hours
Training: 2021-10-29 00:32:13,774-[agedb_30][8000]XNorm: 14.586719
Training: 2021-10-29 00:32:13,774-[agedb_30][8000]Accuracy-Flip: 0.74267+-0.02407
Training: 2021-10-29 00:32:13,774-[agedb_30][8000]Accuracy-Highest: 0.76933
Training: 2021-10-29 00:35:39,943-[dev_00][8000]XNorm: 16.991724
Training: 2021-10-29 00:35:39,943-[dev_00][8000]Accuracy-Flip: 0.51987+-0.04493
Training: 2021-10-29 00:35:39,944-[dev_00][8000]Accuracy-Highest: 0.52987
Training: 2021-10-29 00:37:11,002-[dev_04][8000]XNorm: 17.048251
Training: 2021-10-29 00:37:11,002-[dev_04][8000]Accuracy-Flip: 0.50367+-0.01907
Training: 2021-10-29 00:37:11,002-[dev_04][8000]Accuracy-Highest: 0.50367
Training: 2021-10-29 00:37:35,981-Speed 15.78 samples/sec   Loss 10.2095   LearningRate 0.0250000   Epoch: 3   Global Step: 8050   Required: 3 hours
Training: 2021-10-29 00:38:01,105-Speed 254.77 samples/sec   Loss 10.1993   LearningRate 0.0250000   Epoch: 3   Global Step: 8100   Required: 3 hours
Training: 2021-10-29 00:38:26,081-Speed 256.28 samples/sec   Loss 10.2431   LearningRate 0.0250000   Epoch: 3   Global Step: 8150   Required: 3 hours
Training: 2021-10-29 00:38:51,095-Speed 255.88 samples/sec   Loss 10.0260   LearningRate 0.0250000   Epoch: 3   Global Step: 8200   Required: 3 hours
Training: 2021-10-29 00:39:16,223-Speed 254.73 samples/sec   Loss 10.3716   LearningRate 0.0250000   Epoch: 3   Global Step: 8250   Required: 3 hours
Training: 2021-10-29 00:39:41,492-Speed 253.31 samples/sec   Loss 10.2779   LearningRate 0.0250000   Epoch: 3   Global Step: 8300   Required: 3 hours
Training: 2021-10-29 00:40:06,841-Speed 252.50 samples/sec   Loss 10.3688   LearningRate 0.0250000   Epoch: 3   Global Step: 8350   Required: 3 hours
Training: 2021-10-29 00:40:32,343-Speed 251.00 samples/sec   Loss 10.4652   LearningRate 0.0250000   Epoch: 3   Global Step: 8400   Required: 3 hours
Training: 2021-10-29 00:40:57,872-Speed 250.72 samples/sec   Loss 10.5048   LearningRate 0.0250000   Epoch: 3   Global Step: 8450   Required: 3 hours
Training: 2021-10-29 00:41:23,577-Speed 249.01 samples/sec   Loss 10.4608   LearningRate 0.0250000   Epoch: 3   Global Step: 8500   Required: 3 hours
Training: 2021-10-29 00:41:49,390-Speed 247.97 samples/sec   Loss 10.6533   LearningRate 0.0250000   Epoch: 3   Global Step: 8550   Required: 3 hours
Training: 2021-10-29 00:42:15,310-Speed 246.94 samples/sec   Loss 10.5450   LearningRate 0.0250000   Epoch: 3   Global Step: 8600   Required: 3 hours
Training: 2021-10-29 00:42:41,246-Speed 246.79 samples/sec   Loss 10.5705   LearningRate 0.0250000   Epoch: 3   Global Step: 8650   Required: 3 hours
Training: 2021-10-29 00:43:07,093-Speed 247.63 samples/sec   Loss 10.4129   LearningRate 0.0250000   Epoch: 3   Global Step: 8700   Required: 3 hours
Training: 2021-10-29 00:43:32,863-Speed 248.38 samples/sec   Loss 10.6428   LearningRate 0.0250000   Epoch: 3   Global Step: 8750   Required: 3 hours
Training: 2021-10-29 00:43:58,693-Speed 247.81 samples/sec   Loss 10.4810   LearningRate 0.0250000   Epoch: 3   Global Step: 8800   Required: 3 hours
Training: 2021-10-29 00:44:24,601-Speed 247.05 samples/sec   Loss 10.6274   LearningRate 0.0250000   Epoch: 3   Global Step: 8850   Required: 3 hours
Training: 2021-10-29 00:44:50,491-Speed 247.23 samples/sec   Loss 10.2651   LearningRate 0.0250000   Epoch: 3   Global Step: 8900   Required: 3 hours
Training: 2021-10-29 00:45:16,383-Speed 247.21 samples/sec   Loss 10.9005   LearningRate 0.0250000   Epoch: 3   Global Step: 8950   Required: 3 hours
Training: 2021-10-29 00:45:42,266-Speed 247.30 samples/sec   Loss 10.6602   LearningRate 0.0250000   Epoch: 3   Global Step: 9000   Required: 3 hours
Training: 2021-10-29 00:46:08,131-Speed 247.46 samples/sec   Loss 10.7914   LearningRate 0.0250000   Epoch: 3   Global Step: 9050   Required: 3 hours
Training: 2021-10-29 00:46:34,022-Speed 247.22 samples/sec   Loss 10.8274   LearningRate 0.0250000   Epoch: 3   Global Step: 9100   Required: 3 hours
Training: 2021-10-29 00:46:59,847-Speed 247.86 samples/sec   Loss 10.6797   LearningRate 0.0250000   Epoch: 3   Global Step: 9150   Required: 3 hours
Training: 2021-10-29 00:47:25,723-Speed 247.36 samples/sec   Loss 10.6370   LearningRate 0.0250000   Epoch: 3   Global Step: 9200   Required: 3 hours
Training: 2021-10-29 00:47:51,594-Speed 247.41 samples/sec   Loss 10.7258   LearningRate 0.0250000   Epoch: 3   Global Step: 9250   Required: 3 hours
Training: 2021-10-29 00:48:17,428-Speed 247.77 samples/sec   Loss 10.9201   LearningRate 0.0250000   Epoch: 3   Global Step: 9300   Required: 3 hours
Training: 2021-10-29 00:48:43,335-Speed 247.06 samples/sec   Loss 11.1192   LearningRate 0.0250000   Epoch: 3   Global Step: 9350   Required: 3 hours
Training: 2021-10-29 00:49:09,192-Speed 247.55 samples/sec   Loss 11.0061   LearningRate 0.0250000   Epoch: 3   Global Step: 9400   Required: 3 hours
Training: 2021-10-29 00:49:35,008-Speed 247.94 samples/sec   Loss 11.0559   LearningRate 0.0250000   Epoch: 3   Global Step: 9450   Required: 3 hours
Training: 2021-10-29 00:50:00,885-Speed 247.36 samples/sec   Loss 10.9831   LearningRate 0.0250000   Epoch: 3   Global Step: 9500   Required: 3 hours
Training: 2021-10-29 00:50:26,733-Speed 247.64 samples/sec   Loss 11.2356   LearningRate 0.0250000   Epoch: 3   Global Step: 9550   Required: 3 hours
Training: 2021-10-29 00:50:52,594-Speed 247.49 samples/sec   Loss 11.0024   LearningRate 0.0250000   Epoch: 3   Global Step: 9600   Required: 3 hours
Training: 2021-10-29 00:51:18,438-Speed 247.67 samples/sec   Loss 10.7168   LearningRate 0.0250000   Epoch: 3   Global Step: 9650   Required: 3 hours
Training: 2021-10-29 00:51:44,261-Speed 247.88 samples/sec   Loss 11.2279   LearningRate 0.0250000   Epoch: 3   Global Step: 9700   Required: 3 hours
Training: 2021-10-29 00:52:10,082-Speed 247.90 samples/sec   Loss 10.6369   LearningRate 0.0250000   Epoch: 3   Global Step: 9750   Required: 3 hours
Training: 2021-10-29 00:52:35,906-Speed 247.86 samples/sec   Loss 10.9167   LearningRate 0.0250000   Epoch: 3   Global Step: 9800   Required: 3 hours
Training: 2021-10-29 00:53:01,719-Speed 247.97 samples/sec   Loss 11.0804   LearningRate 0.0250000   Epoch: 3   Global Step: 9850   Required: 3 hours
Training: 2021-10-29 00:53:27,576-Speed 247.55 samples/sec   Loss 11.1283   LearningRate 0.0250000   Epoch: 3   Global Step: 9900   Required: 3 hours
Training: 2021-10-29 00:53:45,705-Pytorch Model Saved in '/output/webface_r50_512_3/backbone.pth'
Training: 2021-10-29 00:53:55,878-Speed 226.16 samples/sec   Loss 10.1521   LearningRate 0.0250000   Epoch: 4   Global Step: 9950   Required: 3 hours
Training: 2021-10-29 00:54:21,729-Speed 247.60 samples/sec   Loss 9.1421   LearningRate 0.0250000   Epoch: 4   Global Step: 10000   Required: 3 hours
Training: 2021-10-29 00:55:45,203-[agedb_30][10000]XNorm: 14.719719
Training: 2021-10-29 00:55:45,203-[agedb_30][10000]Accuracy-Flip: 0.72050+-0.02307
Training: 2021-10-29 00:55:45,203-[agedb_30][10000]Accuracy-Highest: 0.76933
Training: 2021-10-29 00:59:11,363-[dev_00][10000]XNorm: 16.951556
Training: 2021-10-29 00:59:11,364-[dev_00][10000]Accuracy-Flip: 0.52067+-0.04115
Training: 2021-10-29 00:59:11,364-[dev_00][10000]Accuracy-Highest: 0.52987
Training: 2021-10-29 01:00:42,541-[dev_04][10000]XNorm: 16.951294
Training: 2021-10-29 01:00:42,541-[dev_04][10000]Accuracy-Flip: 0.49756+-0.01730
Training: 2021-10-29 01:00:42,541-[dev_04][10000]Accuracy-Highest: 0.50367
Training: 2021-10-29 01:01:07,555-Speed 15.77 samples/sec   Loss 9.0580   LearningRate 0.0250000   Epoch: 4   Global Step: 10050   Required: 3 hours
Training: 2021-10-29 01:01:32,619-Speed 255.38 samples/sec   Loss 9.0957   LearningRate 0.0250000   Epoch: 4   Global Step: 10100   Required: 3 hours
Training: 2021-10-29 01:01:57,614-Speed 256.09 samples/sec   Loss 9.5015   LearningRate 0.0250000   Epoch: 4   Global Step: 10150   Required: 3 hours
Training: 2021-10-29 01:02:22,604-Speed 256.13 samples/sec   Loss 9.4570   LearningRate 0.0250000   Epoch: 4   Global Step: 10200   Required: 3 hours
Training: 2021-10-29 01:02:47,697-Speed 255.09 samples/sec   Loss 9.6963   LearningRate 0.0250000   Epoch: 4   Global Step: 10250   Required: 3 hours
Training: 2021-10-29 01:03:12,928-Speed 253.65 samples/sec   Loss 9.6210   LearningRate 0.0250000   Epoch: 4   Global Step: 10300   Required: 3 hours
Training: 2021-10-29 01:03:38,302-Speed 252.26 samples/sec   Loss 9.7595   LearningRate 0.0250000   Epoch: 4   Global Step: 10350   Required: 3 hours
Training: 2021-10-29 01:04:03,873-Speed 250.32 samples/sec   Loss 9.7401   LearningRate 0.0250000   Epoch: 4   Global Step: 10400   Required: 3 hours
Training: 2021-10-29 01:04:29,589-Speed 248.91 samples/sec   Loss 9.8159   LearningRate 0.0250000   Epoch: 4   Global Step: 10450   Required: 3 hours
Training: 2021-10-29 01:04:55,335-Speed 248.60 samples/sec   Loss 10.0558   LearningRate 0.0250000   Epoch: 4   Global Step: 10500   Required: 3 hours
Training: 2021-10-29 01:05:21,070-Speed 248.73 samples/sec   Loss 9.8236   LearningRate 0.0250000   Epoch: 4   Global Step: 10550   Required: 3 hours
Training: 2021-10-29 01:05:46,888-Speed 247.92 samples/sec   Loss 9.9430   LearningRate 0.0250000   Epoch: 4   Global Step: 10600   Required: 3 hours
Training: 2021-10-29 01:06:12,817-Speed 246.86 samples/sec   Loss 9.9680   LearningRate 0.0250000   Epoch: 4   Global Step: 10650   Required: 3 hours
Training: 2021-10-29 01:06:38,791-Speed 246.42 samples/sec   Loss 10.0581   LearningRate 0.0250000   Epoch: 4   Global Step: 10700   Required: 3 hours
Training: 2021-10-29 01:07:04,614-Speed 247.88 samples/sec   Loss 10.5639   LearningRate 0.0250000   Epoch: 4   Global Step: 10750   Required: 3 hours
Training: 2021-10-29 01:07:30,363-Speed 248.58 samples/sec   Loss 10.4749   LearningRate 0.0250000   Epoch: 4   Global Step: 10800   Required: 3 hours
Training: 2021-10-29 01:07:56,075-Speed 248.94 samples/sec   Loss 10.3713   LearningRate 0.0250000   Epoch: 4   Global Step: 10850   Required: 3 hours
Training: 2021-10-29 01:08:21,893-Speed 247.91 samples/sec   Loss 10.2930   LearningRate 0.0250000   Epoch: 4   Global Step: 10900   Required: 3 hours
Training: 2021-10-29 01:08:47,817-Speed 246.91 samples/sec   Loss 10.3778   LearningRate 0.0250000   Epoch: 4   Global Step: 10950   Required: 3 hours
Training: 2021-10-29 01:09:13,732-Speed 247.00 samples/sec   Loss 10.1867   LearningRate 0.0250000   Epoch: 4   Global Step: 11000   Required: 3 hours
Training: 2021-10-29 01:09:39,509-Speed 248.31 samples/sec   Loss 10.3516   LearningRate 0.0250000   Epoch: 4   Global Step: 11050   Required: 3 hours
Training: 2021-10-29 01:10:05,269-Speed 248.48 samples/sec   Loss 10.6637   LearningRate 0.0250000   Epoch: 4   Global Step: 11100   Required: 3 hours
Training: 2021-10-29 01:10:30,990-Speed 248.86 samples/sec   Loss 10.2189   LearningRate 0.0250000   Epoch: 4   Global Step: 11150   Required: 3 hours
Training: 2021-10-29 01:10:56,743-Speed 248.54 samples/sec   Loss 10.6381   LearningRate 0.0250000   Epoch: 4   Global Step: 11200   Required: 3 hours
Training: 2021-10-29 01:11:22,492-Speed 248.59 samples/sec   Loss 10.4472   LearningRate 0.0250000   Epoch: 4   Global Step: 11250   Required: 3 hours
Training: 2021-10-29 01:11:48,304-Speed 247.96 samples/sec   Loss 10.3902   LearningRate 0.0250000   Epoch: 4   Global Step: 11300   Required: 3 hours
Training: 2021-10-29 01:12:14,118-Speed 247.97 samples/sec   Loss 10.4761   LearningRate 0.0250000   Epoch: 4   Global Step: 11350   Required: 3 hours
Training: 2021-10-29 01:12:39,961-Speed 247.67 samples/sec   Loss 10.6506   LearningRate 0.0250000   Epoch: 4   Global Step: 11400   Required: 3 hours
Training: 2021-10-29 01:13:05,846-Speed 247.28 samples/sec   Loss 10.5063   LearningRate 0.0250000   Epoch: 4   Global Step: 11450   Required: 3 hours
Training: 2021-10-29 01:13:31,724-Speed 247.35 samples/sec   Loss 10.7044   LearningRate 0.0250000   Epoch: 4   Global Step: 11500   Required: 3 hours
Training: 2021-10-29 01:13:57,589-Speed 247.48 samples/sec   Loss 10.7169   LearningRate 0.0250000   Epoch: 4   Global Step: 11550   Required: 3 hours
Training: 2021-10-29 01:14:23,474-Speed 247.27 samples/sec   Loss 10.6751   LearningRate 0.0250000   Epoch: 4   Global Step: 11600   Required: 3 hours
Training: 2021-10-29 01:14:49,330-Speed 247.54 samples/sec   Loss 10.9929   LearningRate 0.0250000   Epoch: 4   Global Step: 11650   Required: 3 hours
Training: 2021-10-29 01:15:15,162-Speed 247.79 samples/sec   Loss 10.7474   LearningRate 0.0250000   Epoch: 4   Global Step: 11700   Required: 2 hours
Training: 2021-10-29 01:15:40,988-Speed 247.83 samples/sec   Loss 10.8909   LearningRate 0.0250000   Epoch: 4   Global Step: 11750   Required: 2 hours
Training: 2021-10-29 01:16:06,760-Speed 248.36 samples/sec   Loss 10.7668   LearningRate 0.0250000   Epoch: 4   Global Step: 11800   Required: 2 hours
Training: 2021-10-29 01:16:32,635-Speed 247.38 samples/sec   Loss 10.7394   LearningRate 0.0250000   Epoch: 4   Global Step: 11850   Required: 2 hours
Training: 2021-10-29 01:16:58,547-Speed 247.02 samples/sec   Loss 10.8550   LearningRate 0.0250000   Epoch: 4   Global Step: 11900   Required: 2 hours
Training: 2021-10-29 01:17:24,439-Speed 247.21 samples/sec   Loss 11.0916   LearningRate 0.0250000   Epoch: 4   Global Step: 11950   Required: 2 hours
Training: 2021-10-29 01:17:50,306-Speed 247.45 samples/sec   Loss 10.9831   LearningRate 0.0250000   Epoch: 4   Global Step: 12000   Required: 2 hours
Training: 2021-10-29 01:19:13,751-[agedb_30][12000]XNorm: 14.006755
Training: 2021-10-29 01:19:13,752-[agedb_30][12000]Accuracy-Flip: 0.75750+-0.02318
Training: 2021-10-29 01:19:13,752-[agedb_30][12000]Accuracy-Highest: 0.76933
Training: 2021-10-29 01:22:39,979-[dev_00][12000]XNorm: 16.525313
Training: 2021-10-29 01:22:39,980-[dev_00][12000]Accuracy-Flip: 0.51467+-0.03537
Training: 2021-10-29 01:22:39,980-[dev_00][12000]Accuracy-Highest: 0.52987
Training: 2021-10-29 01:24:11,038-[dev_04][12000]XNorm: 16.472695
Training: 2021-10-29 01:24:11,038-[dev_04][12000]Accuracy-Flip: 0.49817+-0.01344
Training: 2021-10-29 01:24:11,039-[dev_04][12000]Accuracy-Highest: 0.50367
Training: 2021-10-29 01:24:36,028-Speed 15.77 samples/sec   Loss 10.8490   LearningRate 0.0250000   Epoch: 4   Global Step: 12050   Required: 3 hours
Training: 2021-10-29 01:25:01,084-Speed 255.47 samples/sec   Loss 10.7211   LearningRate 0.0250000   Epoch: 4   Global Step: 12100   Required: 3 hours
Training: 2021-10-29 01:25:26,060-Speed 256.28 samples/sec   Loss 10.8025   LearningRate 0.0250000   Epoch: 4   Global Step: 12150   Required: 3 hours
Training: 2021-10-29 01:25:51,095-Speed 255.67 samples/sec   Loss 10.8600   LearningRate 0.0250000   Epoch: 4   Global Step: 12200   Required: 2 hours
Training: 2021-10-29 01:26:16,250-Speed 254.45 samples/sec   Loss 10.9506   LearningRate 0.0250000   Epoch: 4   Global Step: 12250   Required: 2 hours
Training: 2021-10-29 01:26:41,475-Speed 253.74 samples/sec   Loss 10.9253   LearningRate 0.0250000   Epoch: 4   Global Step: 12300   Required: 2 hours
Training: 2021-10-29 01:27:06,869-Speed 252.07 samples/sec   Loss 10.8639   LearningRate 0.0250000   Epoch: 4   Global Step: 12350   Required: 2 hours
Training: 2021-10-29 01:27:32,380-Speed 250.90 samples/sec   Loss 11.1072   LearningRate 0.0250000   Epoch: 4   Global Step: 12400   Required: 2 hours
Training: 2021-10-29 01:27:41,449-Pytorch Model Saved in '/output/webface_r50_512_3/backbone.pth'
Training: 2021-10-29 01:28:00,502-Speed 227.61 samples/sec   Loss 9.5983   LearningRate 0.0250000   Epoch: 5   Global Step: 12450   Required: 2 hours
Training: 2021-10-29 01:28:26,401-Speed 247.15 samples/sec   Loss 8.7737   LearningRate 0.0250000   Epoch: 5   Global Step: 12500   Required: 2 hours
Training: 2021-10-29 01:28:52,228-Speed 247.82 samples/sec   Loss 8.8959   LearningRate 0.0250000   Epoch: 5   Global Step: 12550   Required: 2 hours
Training: 2021-10-29 01:29:18,003-Speed 248.34 samples/sec   Loss 9.0988   LearningRate 0.0250000   Epoch: 5   Global Step: 12600   Required: 2 hours
Training: 2021-10-29 01:29:43,764-Speed 248.46 samples/sec   Loss 9.2281   LearningRate 0.0250000   Epoch: 5   Global Step: 12650   Required: 2 hours
Training: 2021-10-29 01:30:09,577-Speed 247.97 samples/sec   Loss 9.4983   LearningRate 0.0250000   Epoch: 5   Global Step: 12700   Required: 2 hours
Training: 2021-10-29 01:30:35,412-Speed 247.76 samples/sec   Loss 9.3474   LearningRate 0.0250000   Epoch: 5   Global Step: 12750   Required: 2 hours
Training: 2021-10-29 01:31:01,198-Speed 248.20 samples/sec   Loss 9.8072   LearningRate 0.0250000   Epoch: 5   Global Step: 12800   Required: 2 hours
Training: 2021-10-29 01:31:26,983-Speed 248.23 samples/sec   Loss 10.0739   LearningRate 0.0250000   Epoch: 5   Global Step: 12850   Required: 2 hours
Training: 2021-10-29 01:31:52,812-Speed 247.81 samples/sec   Loss 9.5926   LearningRate 0.0250000   Epoch: 5   Global Step: 12900   Required: 2 hours
Training: 2021-10-29 01:32:18,656-Speed 247.66 samples/sec   Loss 9.6618   LearningRate 0.0250000   Epoch: 5   Global Step: 12950   Required: 2 hours
Training: 2021-10-29 01:32:44,481-Speed 247.85 samples/sec   Loss 9.7104   LearningRate 0.0250000   Epoch: 5   Global Step: 13000   Required: 2 hours
Training: 2021-10-29 01:33:10,323-Speed 247.70 samples/sec   Loss 9.8011   LearningRate 0.0250000   Epoch: 5   Global Step: 13050   Required: 2 hours
Training: 2021-10-29 01:33:36,168-Speed 247.66 samples/sec   Loss 10.0692   LearningRate 0.0250000   Epoch: 5   Global Step: 13100   Required: 2 hours
Training: 2021-10-29 01:34:02,044-Speed 247.37 samples/sec   Loss 10.0470   LearningRate 0.0250000   Epoch: 5   Global Step: 13150   Required: 2 hours
Training: 2021-10-29 01:34:27,898-Speed 247.57 samples/sec   Loss 10.2707   LearningRate 0.0250000   Epoch: 5   Global Step: 13200   Required: 2 hours
Training: 2021-10-29 01:34:53,753-Speed 247.57 samples/sec   Loss 9.9603   LearningRate 0.0250000   Epoch: 5   Global Step: 13250   Required: 2 hours
Training: 2021-10-29 01:35:19,591-Speed 247.71 samples/sec   Loss 10.4571   LearningRate 0.0250000   Epoch: 5   Global Step: 13300   Required: 2 hours
Training: 2021-10-29 01:35:45,460-Speed 247.44 samples/sec   Loss 10.2646   LearningRate 0.0250000   Epoch: 5   Global Step: 13350   Required: 2 hours
Training: 2021-10-29 01:36:11,350-Speed 247.23 samples/sec   Loss 10.4989   LearningRate 0.0250000   Epoch: 5   Global Step: 13400   Required: 2 hours
Training: 2021-10-29 01:36:37,194-Speed 247.67 samples/sec   Loss 10.4053   LearningRate 0.0250000   Epoch: 5   Global Step: 13450   Required: 2 hours
Training: 2021-10-29 01:37:03,074-Speed 247.31 samples/sec   Loss 10.6708   LearningRate 0.0250000   Epoch: 5   Global Step: 13500   Required: 2 hours
Training: 2021-10-29 01:37:28,965-Speed 247.21 samples/sec   Loss 10.6761   LearningRate 0.0250000   Epoch: 5   Global Step: 13550   Required: 2 hours
Training: 2021-10-29 01:37:54,852-Speed 247.26 samples/sec   Loss 10.1427   LearningRate 0.0250000   Epoch: 5   Global Step: 13600   Required: 2 hours
Training: 2021-10-29 01:38:20,740-Speed 247.23 samples/sec   Loss 10.5515   LearningRate 0.0250000   Epoch: 5   Global Step: 13650   Required: 2 hours
Training: 2021-10-29 01:38:46,558-Speed 247.89 samples/sec   Loss 10.6510   LearningRate 0.0250000   Epoch: 5   Global Step: 13700   Required: 2 hours
Training: 2021-10-29 01:39:12,324-Speed 248.43 samples/sec   Loss 10.4902   LearningRate 0.0250000   Epoch: 5   Global Step: 13750   Required: 2 hours
Training: 2021-10-29 01:39:38,090-Speed 248.40 samples/sec   Loss 10.6065   LearningRate 0.0250000   Epoch: 5   Global Step: 13800   Required: 2 hours
Training: 2021-10-29 01:40:03,813-Speed 248.84 samples/sec   Loss 10.4992   LearningRate 0.0250000   Epoch: 5   Global Step: 13850   Required: 2 hours
Training: 2021-10-29 01:40:29,571-Speed 248.50 samples/sec   Loss 10.8771   LearningRate 0.0250000   Epoch: 5   Global Step: 13900   Required: 2 hours
Training: 2021-10-29 01:40:55,486-Speed 246.99 samples/sec   Loss 10.8760   LearningRate 0.0250000   Epoch: 5   Global Step: 13950   Required: 2 hours
Training: 2021-10-29 01:41:21,341-Speed 247.57 samples/sec   Loss 10.5862   LearningRate 0.0250000   Epoch: 5   Global Step: 14000   Required: 2 hours
Training: 2021-10-29 01:42:44,738-[agedb_30][14000]XNorm: 13.783442
Training: 2021-10-29 01:42:44,738-[agedb_30][14000]Accuracy-Flip: 0.74750+-0.02343
Training: 2021-10-29 01:42:44,738-[agedb_30][14000]Accuracy-Highest: 0.76933
Training: 2021-10-29 01:46:10,823-[dev_00][14000]XNorm: 16.144964
Training: 2021-10-29 01:46:10,823-[dev_00][14000]Accuracy-Flip: 0.52587+-0.04893
Training: 2021-10-29 01:46:10,823-[dev_00][14000]Accuracy-Highest: 0.52987
Training: 2021-10-29 01:47:41,866-[dev_04][14000]XNorm: 16.198134
Training: 2021-10-29 01:47:41,866-[dev_04][14000]Accuracy-Flip: 0.51513+-0.02029
Training: 2021-10-29 01:47:41,866-[dev_04][14000]Accuracy-Highest: 0.51513
Training: 2021-10-29 01:48:06,834-Speed 15.78 samples/sec   Loss 10.4498   LearningRate 0.0250000   Epoch: 5   Global Step: 14050   Required: 2 hours
Training: 2021-10-29 01:48:31,887-Speed 255.49 samples/sec   Loss 10.8702   LearningRate 0.0250000   Epoch: 5   Global Step: 14100   Required: 2 hours
Training: 2021-10-29 01:48:56,850-Speed 256.42 samples/sec   Loss 10.4619   LearningRate 0.0250000   Epoch: 5   Global Step: 14150   Required: 2 hours
Training: 2021-10-29 01:49:21,888-Speed 255.64 samples/sec   Loss 10.9261   LearningRate 0.0250000   Epoch: 5   Global Step: 14200   Required: 2 hours
Training: 2021-10-29 01:49:47,083-Speed 254.04 samples/sec   Loss 10.8585   LearningRate 0.0250000   Epoch: 5   Global Step: 14250   Required: 2 hours
Training: 2021-10-29 01:50:12,299-Speed 253.83 samples/sec   Loss 10.9265   LearningRate 0.0250000   Epoch: 5   Global Step: 14300   Required: 2 hours
Training: 2021-10-29 01:50:37,674-Speed 252.25 samples/sec   Loss 10.7656   LearningRate 0.0250000   Epoch: 5   Global Step: 14350   Required: 2 hours
Training: 2021-10-29 01:51:03,143-Speed 251.32 samples/sec   Loss 10.6521   LearningRate 0.0250000   Epoch: 5   Global Step: 14400   Required: 2 hours
Training: 2021-10-29 01:51:28,782-Speed 249.65 samples/sec   Loss 10.5251   LearningRate 0.0250000   Epoch: 5   Global Step: 14450   Required: 2 hours
Training: 2021-10-29 01:51:54,498-Speed 248.90 samples/sec   Loss 10.7826   LearningRate 0.0250000   Epoch: 5   Global Step: 14500   Required: 2 hours
Training: 2021-10-29 01:52:20,364-Speed 247.46 samples/sec   Loss 10.7458   LearningRate 0.0250000   Epoch: 5   Global Step: 14550   Required: 2 hours
Training: 2021-10-29 01:52:46,304-Speed 246.74 samples/sec   Loss 10.6105   LearningRate 0.0250000   Epoch: 5   Global Step: 14600   Required: 2 hours
Training: 2021-10-29 01:53:12,163-Speed 247.53 samples/sec   Loss 10.9512   LearningRate 0.0250000   Epoch: 5   Global Step: 14650   Required: 2 hours
Training: 2021-10-29 01:53:38,081-Speed 246.95 samples/sec   Loss 10.8276   LearningRate 0.0250000   Epoch: 5   Global Step: 14700   Required: 2 hours
Training: 2021-10-29 01:54:03,953-Speed 247.40 samples/sec   Loss 10.8003   LearningRate 0.0250000   Epoch: 5   Global Step: 14750   Required: 2 hours
Training: 2021-10-29 01:54:29,814-Speed 247.51 samples/sec   Loss 11.1944   LearningRate 0.0250000   Epoch: 5   Global Step: 14800   Required: 2 hours
Training: 2021-10-29 01:54:55,694-Speed 247.32 samples/sec   Loss 10.7902   LearningRate 0.0250000   Epoch: 5   Global Step: 14850   Required: 2 hours
Training: 2021-10-29 01:55:21,996-Pytorch Model Saved in '/output/webface_r50_512_3/backbone.pth'
Training: 2021-10-29 01:55:24,084-Speed 225.45 samples/sec   Loss 10.9450   LearningRate 0.0250000   Epoch: 6   Global Step: 14900   Required: 2 hours
Training: 2021-10-29 01:55:49,916-Speed 247.79 samples/sec   Loss 8.8896   LearningRate 0.0250000   Epoch: 6   Global Step: 14950   Required: 2 hours
Training: 2021-10-29 01:56:15,818-Speed 247.10 samples/sec   Loss 9.1163   LearningRate 0.0250000   Epoch: 6   Global Step: 15000   Required: 2 hours
Training: 2021-10-29 01:56:41,721-Speed 247.10 samples/sec   Loss 9.0518   LearningRate 0.0250000   Epoch: 6   Global Step: 15050   Required: 2 hours
Training: 2021-10-29 01:57:07,561-Speed 247.71 samples/sec   Loss 9.3830   LearningRate 0.0250000   Epoch: 6   Global Step: 15100   Required: 2 hours
Training: 2021-10-29 01:57:33,445-Speed 247.29 samples/sec   Loss 9.4321   LearningRate 0.0250000   Epoch: 6   Global Step: 15150   Required: 2 hours
Training: 2021-10-29 01:57:59,345-Speed 247.13 samples/sec   Loss 9.3446   LearningRate 0.0250000   Epoch: 6   Global Step: 15200   Required: 2 hours
Training: 2021-10-29 01:58:25,250-Speed 247.09 samples/sec   Loss 9.7050   LearningRate 0.0250000   Epoch: 6   Global Step: 15250   Required: 2 hours
Training: 2021-10-29 01:58:51,112-Speed 247.50 samples/sec   Loss 9.7597   LearningRate 0.0250000   Epoch: 6   Global Step: 15300   Required: 2 hours
Training: 2021-10-29 01:59:16,976-Speed 247.46 samples/sec   Loss 9.6583   LearningRate 0.0250000   Epoch: 6   Global Step: 15350   Required: 2 hours
Training: 2021-10-29 01:59:42,832-Speed 247.54 samples/sec   Loss 9.6240   LearningRate 0.0250000   Epoch: 6   Global Step: 15400   Required: 2 hours
Training: 2021-10-29 02:00:08,705-Speed 247.39 samples/sec   Loss 9.9798   LearningRate 0.0250000   Epoch: 6   Global Step: 15450   Required: 2 hours
Training: 2021-10-29 02:00:34,571-Speed 247.46 samples/sec   Loss 10.0976   LearningRate 0.0250000   Epoch: 6   Global Step: 15500   Required: 2 hours
Training: 2021-10-29 02:01:00,413-Speed 247.69 samples/sec   Loss 10.1273   LearningRate 0.0250000   Epoch: 6   Global Step: 15550   Required: 2 hours
Training: 2021-10-29 02:01:26,283-Speed 247.42 samples/sec   Loss 9.9463   LearningRate 0.0250000   Epoch: 6   Global Step: 15600   Required: 2 hours
Training: 2021-10-29 02:01:52,140-Speed 247.53 samples/sec   Loss 9.9650   LearningRate 0.0250000   Epoch: 6   Global Step: 15650   Required: 2 hours
Training: 2021-10-29 02:02:18,002-Speed 247.49 samples/sec   Loss 10.0468   LearningRate 0.0250000   Epoch: 6   Global Step: 15700   Required: 2 hours
Training: 2021-10-29 02:02:43,825-Speed 247.88 samples/sec   Loss 10.0828   LearningRate 0.0250000   Epoch: 6   Global Step: 15750   Required: 2 hours
Training: 2021-10-29 02:03:09,674-Speed 247.62 samples/sec   Loss 10.2786   LearningRate 0.0250000   Epoch: 6   Global Step: 15800   Required: 2 hours
Training: 2021-10-29 02:03:35,585-Speed 247.04 samples/sec   Loss 10.2795   LearningRate 0.0250000   Epoch: 6   Global Step: 15850   Required: 2 hours
Training: 2021-10-29 02:04:01,438-Speed 247.58 samples/sec   Loss 10.1605   LearningRate 0.0250000   Epoch: 6   Global Step: 15900   Required: 2 hours
Training: 2021-10-29 02:04:27,303-Speed 247.47 samples/sec   Loss 10.1892   LearningRate 0.0250000   Epoch: 6   Global Step: 15950   Required: 2 hours
Training: 2021-10-29 02:04:53,172-Speed 247.43 samples/sec   Loss 10.2387   LearningRate 0.0250000   Epoch: 6   Global Step: 16000   Required: 2 hours
Training: 2021-10-29 02:06:16,564-[agedb_30][16000]XNorm: 14.235079
Training: 2021-10-29 02:06:16,564-[agedb_30][16000]Accuracy-Flip: 0.73900+-0.02273
Training: 2021-10-29 02:06:16,564-[agedb_30][16000]Accuracy-Highest: 0.76933
Training: 2021-10-29 02:09:42,628-[dev_00][16000]XNorm: 16.536616
Training: 2021-10-29 02:09:42,628-[dev_00][16000]Accuracy-Flip: 0.52353+-0.04226
Training: 2021-10-29 02:09:42,628-[dev_00][16000]Accuracy-Highest: 0.52987
Training: 2021-10-29 02:11:13,622-[dev_04][16000]XNorm: 16.561516
Training: 2021-10-29 02:11:13,622-[dev_04][16000]Accuracy-Flip: 0.49633+-0.01693
Training: 2021-10-29 02:11:13,622-[dev_04][16000]Accuracy-Highest: 0.51513
Training: 2021-10-29 02:11:38,618-Speed 15.79 samples/sec   Loss 10.3742   LearningRate 0.0250000   Epoch: 6   Global Step: 16050   Required: 2 hours
Training: 2021-10-29 02:12:03,693-Speed 255.27 samples/sec   Loss 10.3589   LearningRate 0.0250000   Epoch: 6   Global Step: 16100   Required: 2 hours
Training: 2021-10-29 02:12:28,639-Speed 256.59 samples/sec   Loss 10.6731   LearningRate 0.0250000   Epoch: 6   Global Step: 16150   Required: 2 hours
Training: 2021-10-29 02:12:53,653-Speed 255.90 samples/sec   Loss 10.7259   LearningRate 0.0250000   Epoch: 6   Global Step: 16200   Required: 2 hours
Training: 2021-10-29 02:13:18,862-Speed 253.91 samples/sec   Loss 10.4338   LearningRate 0.0250000   Epoch: 6   Global Step: 16250   Required: 2 hours
Training: 2021-10-29 02:13:44,081-Speed 253.81 samples/sec   Loss 10.3334   LearningRate 0.0250000   Epoch: 6   Global Step: 16300   Required: 2 hours
Training: 2021-10-29 02:14:09,461-Speed 252.20 samples/sec   Loss 10.6500   LearningRate 0.0250000   Epoch: 6   Global Step: 16350   Required: 2 hours
Training: 2021-10-29 02:14:34,861-Speed 252.00 samples/sec   Loss 10.6677   LearningRate 0.0250000   Epoch: 6   Global Step: 16400   Required: 2 hours
Training: 2021-10-29 02:15:00,480-Speed 249.85 samples/sec   Loss 10.6538   LearningRate 0.0250000   Epoch: 6   Global Step: 16450   Required: 2 hours
Training: 2021-10-29 02:15:26,245-Speed 248.43 samples/sec   Loss 10.5424   LearningRate 0.0250000   Epoch: 6   Global Step: 16500   Required: 2 hours
Training: 2021-10-29 02:15:52,109-Speed 247.48 samples/sec   Loss 10.7555   LearningRate 0.0250000   Epoch: 6   Global Step: 16550   Required: 2 hours
Training: 2021-10-29 02:16:18,013-Speed 247.08 samples/sec   Loss 10.4515   LearningRate 0.0250000   Epoch: 6   Global Step: 16600   Required: 2 hours
Training: 2021-10-29 02:16:43,940-Speed 246.89 samples/sec   Loss 10.8883   LearningRate 0.0250000   Epoch: 6   Global Step: 16650   Required: 2 hours
Training: 2021-10-29 02:17:09,802-Speed 247.50 samples/sec   Loss 10.5975   LearningRate 0.0250000   Epoch: 6   Global Step: 16700   Required: 2 hours
Training: 2021-10-29 02:17:35,617-Speed 247.95 samples/sec   Loss 10.7535   LearningRate 0.0250000   Epoch: 6   Global Step: 16750   Required: 2 hours
Training: 2021-10-29 02:18:01,413-Speed 248.13 samples/sec   Loss 10.8650   LearningRate 0.0250000   Epoch: 6   Global Step: 16800   Required: 2 hours
Training: 2021-10-29 02:18:27,165-Speed 248.56 samples/sec   Loss 10.9387   LearningRate 0.0250000   Epoch: 6   Global Step: 16850   Required: 2 hours
Training: 2021-10-29 02:18:52,924-Speed 248.49 samples/sec   Loss 10.7783   LearningRate 0.0250000   Epoch: 6   Global Step: 16900   Required: 2 hours
Training: 2021-10-29 02:19:18,736-Speed 247.98 samples/sec   Loss 10.7163   LearningRate 0.0250000   Epoch: 6   Global Step: 16950   Required: 2 hours
Training: 2021-10-29 02:19:44,627-Speed 247.23 samples/sec   Loss 10.6746   LearningRate 0.0250000   Epoch: 6   Global Step: 17000   Required: 2 hours
Training: 2021-10-29 02:20:10,487-Speed 247.50 samples/sec   Loss 10.7035   LearningRate 0.0250000   Epoch: 6   Global Step: 17050   Required: 2 hours
Training: 2021-10-29 02:20:36,331-Speed 247.67 samples/sec   Loss 10.9075   LearningRate 0.0250000   Epoch: 6   Global Step: 17100   Required: 1 hours
Training: 2021-10-29 02:21:02,119-Speed 248.21 samples/sec   Loss 10.4615   LearningRate 0.0250000   Epoch: 6   Global Step: 17150   Required: 1 hours
Training: 2021-10-29 02:21:27,926-Speed 248.03 samples/sec   Loss 10.7793   LearningRate 0.0250000   Epoch: 6   Global Step: 17200   Required: 1 hours
Training: 2021-10-29 02:21:53,687-Speed 248.47 samples/sec   Loss 10.6090   LearningRate 0.0250000   Epoch: 6   Global Step: 17250   Required: 1 hours
Training: 2021-10-29 02:22:19,483-Speed 248.13 samples/sec   Loss 10.7554   LearningRate 0.0250000   Epoch: 6   Global Step: 17300   Required: 1 hours
Training: 2021-10-29 02:22:45,347-Speed 247.48 samples/sec   Loss 10.8417   LearningRate 0.0250000   Epoch: 6   Global Step: 17350   Required: 1 hours
Training: 2021-10-29 02:23:02,837-Pytorch Model Saved in '/output/webface_r50_512_3/backbone.pth'
Training: 2021-10-29 02:23:13,693-Speed 225.81 samples/sec   Loss 10.1252   LearningRate 0.0250000   Epoch: 7   Global Step: 17400   Required: 1 hours
Training: 2021-10-29 02:23:39,562-Speed 247.43 samples/sec   Loss 8.8923   LearningRate 0.0250000   Epoch: 7   Global Step: 17450   Required: 1 hours
Training: 2021-10-29 02:24:05,486-Speed 246.91 samples/sec   Loss 8.8760   LearningRate 0.0250000   Epoch: 7   Global Step: 17500   Required: 1 hours
Training: 2021-10-29 02:24:31,417-Speed 246.85 samples/sec   Loss 8.9045   LearningRate 0.0250000   Epoch: 7   Global Step: 17550   Required: 1 hours
Training: 2021-10-29 02:24:57,350-Speed 246.82 samples/sec   Loss 9.4347   LearningRate 0.0250000   Epoch: 7   Global Step: 17600   Required: 1 hours
Training: 2021-10-29 02:25:23,241-Speed 247.22 samples/sec   Loss 9.2581   LearningRate 0.0250000   Epoch: 7   Global Step: 17650   Required: 1 hours
Training: 2021-10-29 02:25:49,077-Speed 247.74 samples/sec   Loss 9.5318   LearningRate 0.0250000   Epoch: 7   Global Step: 17700   Required: 1 hours
Training: 2021-10-29 02:26:14,914-Speed 247.74 samples/sec   Loss 9.3414   LearningRate 0.0250000   Epoch: 7   Global Step: 17750   Required: 1 hours
Training: 2021-10-29 02:26:40,748-Speed 247.77 samples/sec   Loss 9.6741   LearningRate 0.0250000   Epoch: 7   Global Step: 17800   Required: 1 hours
Training: 2021-10-29 02:27:06,527-Speed 248.30 samples/sec   Loss 9.7786   LearningRate 0.0250000   Epoch: 7   Global Step: 17850   Required: 1 hours
Training: 2021-10-29 02:27:32,363-Speed 247.74 samples/sec   Loss 9.6031   LearningRate 0.0250000   Epoch: 7   Global Step: 17900   Required: 1 hours
Training: 2021-10-29 02:27:58,238-Speed 247.36 samples/sec   Loss 9.7873   LearningRate 0.0250000   Epoch: 7   Global Step: 17950   Required: 1 hours
Training: 2021-10-29 02:28:24,090-Speed 247.59 samples/sec   Loss 9.7653   LearningRate 0.0250000   Epoch: 7   Global Step: 18000   Required: 1 hours
Training: 2021-10-29 02:29:47,480-[agedb_30][18000]XNorm: 15.437121
Training: 2021-10-29 02:29:47,480-[agedb_30][18000]Accuracy-Flip: 0.75700+-0.02816
Training: 2021-10-29 02:29:47,480-[agedb_30][18000]Accuracy-Highest: 0.76933
Training: 2021-10-29 02:33:13,735-[dev_00][18000]XNorm: 17.618218
Training: 2021-10-29 02:33:13,735-[dev_00][18000]Accuracy-Flip: 0.51247+-0.03576
Training: 2021-10-29 02:33:13,735-[dev_00][18000]Accuracy-Highest: 0.52987
Training: 2021-10-29 02:34:44,745-[dev_04][18000]XNorm: 17.643768
Training: 2021-10-29 02:34:44,745-[dev_04][18000]Accuracy-Flip: 0.49389+-0.01234
Training: 2021-10-29 02:34:44,745-[dev_04][18000]Accuracy-Highest: 0.51513
Training: 2021-10-29 02:35:09,718-Speed 15.78 samples/sec   Loss 9.6020   LearningRate 0.0250000   Epoch: 7   Global Step: 18050   Required: 1 hours
Training: 2021-10-29 02:35:34,782-Speed 255.38 samples/sec   Loss 9.8074   LearningRate 0.0250000   Epoch: 7   Global Step: 18100   Required: 1 hours
Training: 2021-10-29 02:35:59,746-Speed 256.40 samples/sec   Loss 9.8679   LearningRate 0.0250000   Epoch: 7   Global Step: 18150   Required: 1 hours
Training: 2021-10-29 02:36:24,748-Speed 256.02 samples/sec   Loss 10.0175   LearningRate 0.0250000   Epoch: 7   Global Step: 18200   Required: 1 hours
Training: 2021-10-29 02:36:49,947-Speed 254.01 samples/sec   Loss 10.1532   LearningRate 0.0250000   Epoch: 7   Global Step: 18250   Required: 1 hours
Training: 2021-10-29 02:37:15,229-Speed 253.15 samples/sec   Loss 10.1327   LearningRate 0.0250000   Epoch: 7   Global Step: 18300   Required: 1 hours
Training: 2021-10-29 02:37:40,584-Speed 252.45 samples/sec   Loss 10.4388   LearningRate 0.0250000   Epoch: 7   Global Step: 18350   Required: 1 hours
Training: 2021-10-29 02:38:05,953-Speed 252.31 samples/sec   Loss 10.0687   LearningRate 0.0250000   Epoch: 7   Global Step: 18400   Required: 1 hours
Training: 2021-10-29 02:38:31,483-Speed 250.70 samples/sec   Loss 10.3961   LearningRate 0.0250000   Epoch: 7   Global Step: 18450   Required: 1 hours
Training: 2021-10-29 02:38:57,172-Speed 249.17 samples/sec   Loss 10.3780   LearningRate 0.0250000   Epoch: 7   Global Step: 18500   Required: 1 hours
Training: 2021-10-29 02:39:23,067-Speed 247.18 samples/sec   Loss 10.4333   LearningRate 0.0250000   Epoch: 7   Global Step: 18550   Required: 1 hours
Training: 2021-10-29 02:39:48,941-Speed 247.39 samples/sec   Loss 10.4243   LearningRate 0.0250000   Epoch: 7   Global Step: 18600   Required: 1 hours
Training: 2021-10-29 02:40:14,713-Speed 248.36 samples/sec   Loss 10.3212   LearningRate 0.0250000   Epoch: 7   Global Step: 18650   Required: 1 hours
Training: 2021-10-29 02:40:40,455-Speed 248.65 samples/sec   Loss 10.4390   LearningRate 0.0250000   Epoch: 7   Global Step: 18700   Required: 1 hours
Training: 2021-10-29 02:41:06,233-Speed 248.31 samples/sec   Loss 10.3265   LearningRate 0.0250000   Epoch: 7   Global Step: 18750   Required: 1 hours
Training: 2021-10-29 02:41:31,975-Speed 248.65 samples/sec   Loss 10.4703   LearningRate 0.0250000   Epoch: 7   Global Step: 18800   Required: 1 hours
Training: 2021-10-29 02:41:57,811-Speed 247.75 samples/sec   Loss 10.6275   LearningRate 0.0250000   Epoch: 7   Global Step: 18850   Required: 1 hours
Training: 2021-10-29 02:42:23,642-Speed 247.79 samples/sec   Loss 10.5900   LearningRate 0.0250000   Epoch: 7   Global Step: 18900   Required: 1 hours
Training: 2021-10-29 02:42:49,488-Speed 247.65 samples/sec   Loss 10.6435   LearningRate 0.0250000   Epoch: 7   Global Step: 18950   Required: 1 hours
Training: 2021-10-29 02:43:15,328-Speed 247.71 samples/sec   Loss 10.6753   LearningRate 0.0250000   Epoch: 7   Global Step: 19000   Required: 1 hours
Training: 2021-10-29 02:43:41,178-Speed 247.60 samples/sec   Loss 10.6357   LearningRate 0.0250000   Epoch: 7   Global Step: 19050   Required: 1 hours
Training: 2021-10-29 02:44:07,005-Speed 247.83 samples/sec   Loss 10.6314   LearningRate 0.0250000   Epoch: 7   Global Step: 19100   Required: 1 hours
Training: 2021-10-29 02:44:32,856-Speed 247.61 samples/sec   Loss 10.4863   LearningRate 0.0250000   Epoch: 7   Global Step: 19150   Required: 1 hours
Training: 2021-10-29 02:44:58,727-Speed 247.41 samples/sec   Loss 10.8296   LearningRate 0.0250000   Epoch: 7   Global Step: 19200   Required: 1 hours
Training: 2021-10-29 02:45:24,641-Speed 247.00 samples/sec   Loss 10.5694   LearningRate 0.0250000   Epoch: 7   Global Step: 19250   Required: 1 hours
Training: 2021-10-29 02:45:50,480-Speed 247.72 samples/sec   Loss 10.6788   LearningRate 0.0250000   Epoch: 7   Global Step: 19300   Required: 1 hours
Training: 2021-10-29 02:46:16,363-Speed 247.29 samples/sec   Loss 10.7600   LearningRate 0.0250000   Epoch: 7   Global Step: 19350   Required: 1 hours
Training: 2021-10-29 02:46:42,240-Speed 247.36 samples/sec   Loss 10.8949   LearningRate 0.0250000   Epoch: 7   Global Step: 19400   Required: 1 hours
Training: 2021-10-29 02:47:08,134-Speed 247.19 samples/sec   Loss 10.7439   LearningRate 0.0250000   Epoch: 7   Global Step: 19450   Required: 1 hours
Training: 2021-10-29 02:47:33,989-Speed 247.57 samples/sec   Loss 10.5417   LearningRate 0.0250000   Epoch: 7   Global Step: 19500   Required: 1 hours
Training: 2021-10-29 02:47:59,859-Speed 247.42 samples/sec   Loss 10.7761   LearningRate 0.0250000   Epoch: 7   Global Step: 19550   Required: 1 hours
Training: 2021-10-29 02:48:25,744-Speed 247.28 samples/sec   Loss 10.6109   LearningRate 0.0250000   Epoch: 7   Global Step: 19600   Required: 1 hours
Training: 2021-10-29 02:48:51,590-Speed 247.65 samples/sec   Loss 10.8952   LearningRate 0.0250000   Epoch: 7   Global Step: 19650   Required: 1 hours
Training: 2021-10-29 02:49:17,452-Speed 247.50 samples/sec   Loss 11.0579   LearningRate 0.0250000   Epoch: 7   Global Step: 19700   Required: 1 hours
Training: 2021-10-29 02:49:43,307-Speed 247.57 samples/sec   Loss 11.0647   LearningRate 0.0250000   Epoch: 7   Global Step: 19750   Required: 1 hours
Training: 2021-10-29 02:50:09,128-Speed 247.89 samples/sec   Loss 10.6248   LearningRate 0.0250000   Epoch: 7   Global Step: 19800   Required: 1 hours
Training: 2021-10-29 02:50:34,905-Speed 248.31 samples/sec   Loss 10.7334   LearningRate 0.0250000   Epoch: 7   Global Step: 19850   Required: 1 hours
Training: 2021-10-29 02:50:43,556-Pytorch Model Saved in '/output/webface_r50_512_3/backbone.pth'
Training: 2021-10-29 02:51:03,146-Speed 226.65 samples/sec   Loss 9.3486   LearningRate 0.0250000   Epoch: 8   Global Step: 19900   Required: 1 hours
Training: 2021-10-29 02:51:29,028-Speed 247.31 samples/sec   Loss 8.8891   LearningRate 0.0250000   Epoch: 8   Global Step: 19950   Required: 1 hours
Training: 2021-10-29 02:51:54,941-Speed 247.02 samples/sec   Loss 9.0247   LearningRate 0.0250000   Epoch: 8   Global Step: 20000   Required: 1 hours
Training: 2021-10-29 02:53:18,303-[agedb_30][20000]XNorm: 15.712777
Training: 2021-10-29 02:53:18,303-[agedb_30][20000]Accuracy-Flip: 0.76500+-0.02400
Training: 2021-10-29 02:53:18,303-[agedb_30][20000]Accuracy-Highest: 0.76933
Training: 2021-10-29 02:56:44,466-[dev_00][20000]XNorm: 17.683022
Training: 2021-10-29 02:56:44,466-[dev_00][20000]Accuracy-Flip: 0.51607+-0.02431
Training: 2021-10-29 02:56:44,466-[dev_00][20000]Accuracy-Highest: 0.52987
Training: 2021-10-29 02:58:15,453-[dev_04][20000]XNorm: 17.687596
Training: 2021-10-29 02:58:15,453-[dev_04][20000]Accuracy-Flip: 0.49130+-0.01421
Training: 2021-10-29 02:58:15,453-[dev_04][20000]Accuracy-Highest: 0.51513
Training: 2021-10-29 02:58:40,414-Speed 15.78 samples/sec   Loss 9.1132   LearningRate 0.0250000   Epoch: 8   Global Step: 20050   Required: 1 hours
Training: 2021-10-29 02:59:05,432-Speed 255.83 samples/sec   Loss 9.2150   LearningRate 0.0250000   Epoch: 8   Global Step: 20100   Required: 1 hours
Training: 2021-10-29 02:59:30,330-Speed 257.08 samples/sec   Loss 9.2458   LearningRate 0.0250000   Epoch: 8   Global Step: 20150   Required: 1 hours
Training: 2021-10-29 02:59:55,321-Speed 256.13 samples/sec   Loss 9.6050   LearningRate 0.0250000   Epoch: 8   Global Step: 20200   Required: 1 hours
Training: 2021-10-29 03:00:20,488-Speed 254.32 samples/sec   Loss 9.5299   LearningRate 0.0250000   Epoch: 8   Global Step: 20250   Required: 1 hours
Training: 2021-10-29 03:00:45,769-Speed 253.19 samples/sec   Loss 9.5611   LearningRate 0.0250000   Epoch: 8   Global Step: 20300   Required: 1 hours
Training: 2021-10-29 03:01:11,108-Speed 252.60 samples/sec   Loss 9.6305   LearningRate 0.0250000   Epoch: 8   Global Step: 20350   Required: 1 hours
Training: 2021-10-29 03:01:36,649-Speed 250.62 samples/sec   Loss 9.6586   LearningRate 0.0250000   Epoch: 8   Global Step: 20400   Required: 1 hours
Training: 2021-10-29 03:02:02,346-Speed 249.09 samples/sec   Loss 9.7599   LearningRate 0.0250000   Epoch: 8   Global Step: 20450   Required: 1 hours
Training: 2021-10-29 03:02:28,146-Speed 248.09 samples/sec   Loss 9.8763   LearningRate 0.0250000   Epoch: 8   Global Step: 20500   Required: 1 hours
Training: 2021-10-29 03:02:53,943-Speed 248.12 samples/sec   Loss 9.7923   LearningRate 0.0250000   Epoch: 8   Global Step: 20550   Required: 1 hours
Training: 2021-10-29 03:03:19,755-Speed 247.98 samples/sec   Loss 9.9447   LearningRate 0.0250000   Epoch: 8   Global Step: 20600   Required: 1 hours
Training: 2021-10-29 03:03:45,524-Speed 248.39 samples/sec   Loss 9.7642   LearningRate 0.0250000   Epoch: 8   Global Step: 20650   Required: 1 hours
Training: 2021-10-29 03:04:11,347-Speed 247.87 samples/sec   Loss 10.0654   LearningRate 0.0250000   Epoch: 8   Global Step: 20700   Required: 1 hours
Training: 2021-10-29 03:04:37,185-Speed 247.72 samples/sec   Loss 10.1737   LearningRate 0.0250000   Epoch: 8   Global Step: 20750   Required: 1 hours
Training: 2021-10-29 03:05:03,015-Speed 247.80 samples/sec   Loss 10.0459   LearningRate 0.0250000   Epoch: 8   Global Step: 20800   Required: 1 hours
Training: 2021-10-29 03:05:28,861-Speed 247.65 samples/sec   Loss 10.2751   LearningRate 0.0250000   Epoch: 8   Global Step: 20850   Required: 1 hours
Training: 2021-10-29 03:05:54,706-Speed 247.67 samples/sec   Loss 10.3332   LearningRate 0.0250000   Epoch: 8   Global Step: 20900   Required: 1 hours
Training: 2021-10-29 03:06:20,558-Speed 247.58 samples/sec   Loss 10.2140   LearningRate 0.0250000   Epoch: 8   Global Step: 20950   Required: 1 hours
Training: 2021-10-29 03:06:46,409-Speed 247.60 samples/sec   Loss 10.4428   LearningRate 0.0250000   Epoch: 8   Global Step: 21000   Required: 1 hours
Training: 2021-10-29 03:07:12,263-Speed 247.58 samples/sec   Loss 10.0844   LearningRate 0.0250000   Epoch: 8   Global Step: 21050   Required: 1 hours
Training: 2021-10-29 03:07:38,125-Speed 247.50 samples/sec   Loss 10.2424   LearningRate 0.0250000   Epoch: 8   Global Step: 21100   Required: 1 hours
Training: 2021-10-29 03:08:04,015-Speed 247.23 samples/sec   Loss 10.3600   LearningRate 0.0250000   Epoch: 8   Global Step: 21150   Required: 1 hours
Training: 2021-10-29 03:08:29,895-Speed 247.32 samples/sec   Loss 10.2878   LearningRate 0.0250000   Epoch: 8   Global Step: 21200   Required: 1 hours
Training: 2021-10-29 03:08:55,781-Speed 247.27 samples/sec   Loss 10.4556   LearningRate 0.0250000   Epoch: 8   Global Step: 21250   Required: 1 hours
Training: 2021-10-29 03:09:21,637-Speed 247.56 samples/sec   Loss 10.6156   LearningRate 0.0250000   Epoch: 8   Global Step: 21300   Required: 1 hours
Training: 2021-10-29 03:09:47,510-Speed 247.39 samples/sec   Loss 10.4965   LearningRate 0.0250000   Epoch: 8   Global Step: 21350   Required: 1 hours
Training: 2021-10-29 03:10:13,363-Speed 247.59 samples/sec   Loss 10.4055   LearningRate 0.0250000   Epoch: 8   Global Step: 21400   Required: 1 hours
Training: 2021-10-29 03:10:39,224-Speed 247.51 samples/sec   Loss 10.4640   LearningRate 0.0250000   Epoch: 8   Global Step: 21450   Required: 1 hours
Training: 2021-10-29 03:11:05,061-Speed 247.72 samples/sec   Loss 10.5593   LearningRate 0.0250000   Epoch: 8   Global Step: 21500   Required: 1 hours
Training: 2021-10-29 03:11:30,902-Speed 247.70 samples/sec   Loss 10.4766   LearningRate 0.0250000   Epoch: 8   Global Step: 21550   Required: 1 hours
Training: 2021-10-29 03:11:56,744-Speed 247.69 samples/sec   Loss 10.7812   LearningRate 0.0250000   Epoch: 8   Global Step: 21600   Required: 1 hours
Training: 2021-10-29 03:12:22,619-Speed 247.37 samples/sec   Loss 10.8034   LearningRate 0.0250000   Epoch: 8   Global Step: 21650   Required: 1 hours
Training: 2021-10-29 03:12:48,482-Speed 247.49 samples/sec   Loss 10.3293   LearningRate 0.0250000   Epoch: 8   Global Step: 21700   Required: 1 hours
Training: 2021-10-29 03:13:14,384-Speed 247.12 samples/sec   Loss 10.5913   LearningRate 0.0250000   Epoch: 8   Global Step: 21750   Required: 1 hours
Training: 2021-10-29 03:13:40,240-Speed 247.55 samples/sec   Loss 10.4901   LearningRate 0.0250000   Epoch: 8   Global Step: 21800   Required: 1 hours
Training: 2021-10-29 03:14:06,098-Speed 247.54 samples/sec   Loss 10.4714   LearningRate 0.0250000   Epoch: 8   Global Step: 21850   Required: 1 hours
Training: 2021-10-29 03:14:31,961-Speed 247.49 samples/sec   Loss 10.8280   LearningRate 0.0250000   Epoch: 8   Global Step: 21900   Required: 1 hours
Training: 2021-10-29 03:14:57,864-Speed 247.10 samples/sec   Loss 10.8979   LearningRate 0.0250000   Epoch: 8   Global Step: 21950   Required: 1 hours
Training: 2021-10-29 03:15:23,713-Speed 247.63 samples/sec   Loss 10.7289   LearningRate 0.0250000   Epoch: 8   Global Step: 22000   Required: 1 hours
Training: 2021-10-29 03:16:47,105-[agedb_30][22000]XNorm: 15.553348
Training: 2021-10-29 03:16:47,105-[agedb_30][22000]Accuracy-Flip: 0.75667+-0.02520
Training: 2021-10-29 03:16:47,105-[agedb_30][22000]Accuracy-Highest: 0.76933
Training: 2021-10-29 03:20:13,394-[dev_00][22000]XNorm: 17.416881
Training: 2021-10-29 03:20:13,394-[dev_00][22000]Accuracy-Flip: 0.52333+-0.05010
Training: 2021-10-29 03:20:13,394-[dev_00][22000]Accuracy-Highest: 0.52987
Training: 2021-10-29 03:21:44,478-[dev_04][22000]XNorm: 17.423190
Training: 2021-10-29 03:21:44,478-[dev_04][22000]Accuracy-Flip: 0.49603+-0.01315
Training: 2021-10-29 03:21:44,479-[dev_04][22000]Accuracy-Highest: 0.51513
Training: 2021-10-29 03:22:09,465-Speed 15.77 samples/sec   Loss 10.5746   LearningRate 0.0250000   Epoch: 8   Global Step: 22050   Required: 1 hours
Training: 2021-10-29 03:22:34,538-Speed 255.29 samples/sec   Loss 10.8119   LearningRate 0.0250000   Epoch: 8   Global Step: 22100   Required: 1 hours
Training: 2021-10-29 03:22:59,517-Speed 256.25 samples/sec   Loss 10.6545   LearningRate 0.0250000   Epoch: 8   Global Step: 22150   Required: 1 hours
Training: 2021-10-29 03:23:24,511-Speed 256.10 samples/sec   Loss 10.6906   LearningRate 0.0250000   Epoch: 8   Global Step: 22200   Required: 1 hours
Training: 2021-10-29 03:23:49,688-Speed 254.23 samples/sec   Loss 10.9387   LearningRate 0.0250000   Epoch: 8   Global Step: 22250   Required: 1 hours
Training: 2021-10-29 03:24:14,992-Speed 252.94 samples/sec   Loss 11.0567   LearningRate 0.0250000   Epoch: 8   Global Step: 22300   Required: 0 hours
Training: 2021-10-29 03:24:40,381-Pytorch Model Saved in '/output/webface_r50_512_3/backbone.pth'
Training: 2021-10-29 03:24:43,005-Speed 228.50 samples/sec   Loss 10.6826   LearningRate 0.0250000   Epoch: 9   Global Step: 22350   Required: 0 hours
Training: 2021-10-29 03:25:08,572-Speed 250.36 samples/sec   Loss 8.7816   LearningRate 0.0250000   Epoch: 9   Global Step: 22400   Required: 0 hours
Training: 2021-10-29 03:25:34,300-Speed 248.76 samples/sec   Loss 8.7894   LearningRate 0.0250000   Epoch: 9   Global Step: 22450   Required: 0 hours
Training: 2021-10-29 03:26:00,040-Speed 248.68 samples/sec   Loss 8.8125   LearningRate 0.0250000   Epoch: 9   Global Step: 22500   Required: 0 hours
Training: 2021-10-29 03:26:25,887-Speed 247.63 samples/sec   Loss 8.9697   LearningRate 0.0250000   Epoch: 9   Global Step: 22550   Required: 0 hours
Training: 2021-10-29 03:26:51,736-Speed 247.62 samples/sec   Loss 9.0569   LearningRate 0.0250000   Epoch: 9   Global Step: 22600   Required: 0 hours
Training: 2021-10-29 03:27:17,667-Speed 246.83 samples/sec   Loss 9.2487   LearningRate 0.0250000   Epoch: 9   Global Step: 22650   Required: 0 hours
Training: 2021-10-29 03:27:43,518-Speed 247.60 samples/sec   Loss 9.4627   LearningRate 0.0250000   Epoch: 9   Global Step: 22700   Required: 0 hours
Training: 2021-10-29 03:28:09,331-Speed 247.97 samples/sec   Loss 9.7445   LearningRate 0.0250000   Epoch: 9   Global Step: 22750   Required: 0 hours
Training: 2021-10-29 03:28:35,182-Speed 247.58 samples/sec   Loss 9.5014   LearningRate 0.0250000   Epoch: 9   Global Step: 22800   Required: 0 hours
Training: 2021-10-29 03:29:01,056-Speed 247.37 samples/sec   Loss 9.7022   LearningRate 0.0250000   Epoch: 9   Global Step: 22850   Required: 0 hours
Training: 2021-10-29 03:29:26,925-Speed 247.42 samples/sec   Loss 9.7789   LearningRate 0.0250000   Epoch: 9   Global Step: 22900   Required: 0 hours
Training: 2021-10-29 03:29:52,772-Speed 247.64 samples/sec   Loss 9.5217   LearningRate 0.0250000   Epoch: 9   Global Step: 22950   Required: 0 hours
Training: 2021-10-29 03:30:18,636-Speed 247.48 samples/sec   Loss 9.7434   LearningRate 0.0250000   Epoch: 9   Global Step: 23000   Required: 0 hours
Training: 2021-10-29 03:30:44,516-Speed 247.33 samples/sec   Loss 10.0209   LearningRate 0.0250000   Epoch: 9   Global Step: 23050   Required: 0 hours
Training: 2021-10-29 03:31:10,435-Speed 246.94 samples/sec   Loss 9.9102   LearningRate 0.0250000   Epoch: 9   Global Step: 23100   Required: 0 hours
Training: 2021-10-29 03:31:36,325-Speed 247.23 samples/sec   Loss 9.8900   LearningRate 0.0250000   Epoch: 9   Global Step: 23150   Required: 0 hours
Training: 2021-10-29 03:32:02,194-Speed 247.43 samples/sec   Loss 9.8562   LearningRate 0.0250000   Epoch: 9   Global Step: 23200   Required: 0 hours
Training: 2021-10-29 03:32:28,071-Speed 247.35 samples/sec   Loss 10.1090   LearningRate 0.0250000   Epoch: 9   Global Step: 23250   Required: 0 hours
Training: 2021-10-29 03:32:53,901-Speed 247.81 samples/sec   Loss 10.1015   LearningRate 0.0250000   Epoch: 9   Global Step: 23300   Required: 0 hours
Training: 2021-10-29 03:33:19,674-Speed 248.35 samples/sec   Loss 10.1116   LearningRate 0.0250000   Epoch: 9   Global Step: 23350   Required: 0 hours
Training: 2021-10-29 03:33:45,425-Speed 248.56 samples/sec   Loss 10.3601   LearningRate 0.0250000   Epoch: 9   Global Step: 23400   Required: 0 hours
Training: 2021-10-29 03:34:11,149-Speed 248.82 samples/sec   Loss 10.2105   LearningRate 0.0250000   Epoch: 9   Global Step: 23450   Required: 0 hours
Training: 2021-10-29 03:34:36,865-Speed 248.90 samples/sec   Loss 10.3706   LearningRate 0.0250000   Epoch: 9   Global Step: 23500   Required: 0 hours
Training: 2021-10-29 03:35:02,599-Speed 248.74 samples/sec   Loss 10.1139   LearningRate 0.0250000   Epoch: 9   Global Step: 23550   Required: 0 hours
Training: 2021-10-29 03:35:28,459-Speed 247.52 samples/sec   Loss 9.9820   LearningRate 0.0250000   Epoch: 9   Global Step: 23600   Required: 0 hours
Training: 2021-10-29 03:35:54,326-Speed 247.45 samples/sec   Loss 10.3972   LearningRate 0.0250000   Epoch: 9   Global Step: 23650   Required: 0 hours
Training: 2021-10-29 03:36:20,049-Speed 248.81 samples/sec   Loss 10.4293   LearningRate 0.0250000   Epoch: 9   Global Step: 23700   Required: 0 hours
Training: 2021-10-29 03:36:45,744-Speed 249.11 samples/sec   Loss 10.4266   LearningRate 0.0250000   Epoch: 9   Global Step: 23750   Required: 0 hours
Training: 2021-10-29 03:37:11,493-Speed 248.59 samples/sec   Loss 10.4782   LearningRate 0.0250000   Epoch: 9   Global Step: 23800   Required: 0 hours
Training: 2021-10-29 03:37:37,296-Speed 248.06 samples/sec   Loss 10.5592   LearningRate 0.0250000   Epoch: 9   Global Step: 23850   Required: 0 hours
Training: 2021-10-29 03:38:03,161-Speed 247.46 samples/sec   Loss 10.6210   LearningRate 0.0250000   Epoch: 9   Global Step: 23900   Required: 0 hours
Training: 2021-10-29 03:38:29,014-Speed 247.59 samples/sec   Loss 10.5057   LearningRate 0.0250000   Epoch: 9   Global Step: 23950   Required: 0 hours
Training: 2021-10-29 03:38:54,923-Speed 247.05 samples/sec   Loss 10.6601   LearningRate 0.0250000   Epoch: 9   Global Step: 24000   Required: 0 hours
Training: 2021-10-29 03:40:18,505-[agedb_30][24000]XNorm: 12.936974
Training: 2021-10-29 03:40:18,505-[agedb_30][24000]Accuracy-Flip: 0.73533+-0.03015
Training: 2021-10-29 03:40:18,506-[agedb_30][24000]Accuracy-Highest: 0.76933
Training: 2021-10-29 03:43:44,622-[dev_00][24000]XNorm: 15.124364
Training: 2021-10-29 03:43:44,623-[dev_00][24000]Accuracy-Flip: 0.52960+-0.04014
Training: 2021-10-29 03:43:44,623-[dev_00][24000]Accuracy-Highest: 0.52987
Training: 2021-10-29 03:45:15,740-[dev_04][24000]XNorm: 15.114696
Training: 2021-10-29 03:45:15,740-[dev_04][24000]Accuracy-Flip: 0.48656+-0.01487
Training: 2021-10-29 03:45:15,740-[dev_04][24000]Accuracy-Highest: 0.51513
Training: 2021-10-29 03:45:40,705-Speed 15.77 samples/sec   Loss 10.4498   LearningRate 0.0250000   Epoch: 9   Global Step: 24050   Required: 0 hours
Training: 2021-10-29 03:46:05,750-Speed 255.58 samples/sec   Loss 10.5343   LearningRate 0.0250000   Epoch: 9   Global Step: 24100   Required: 0 hours
Training: 2021-10-29 03:46:30,684-Speed 256.71 samples/sec   Loss 10.6224   LearningRate 0.0250000   Epoch: 9   Global Step: 24150   Required: 0 hours
Training: 2021-10-29 03:46:55,684-Speed 256.04 samples/sec   Loss 10.7116   LearningRate 0.0250000   Epoch: 9   Global Step: 24200   Required: 0 hours
Training: 2021-10-29 03:47:20,899-Speed 253.85 samples/sec   Loss 10.5440   LearningRate 0.0250000   Epoch: 9   Global Step: 24250   Required: 0 hours
Training: 2021-10-29 03:47:46,125-Speed 253.74 samples/sec   Loss 10.6618   LearningRate 0.0250000   Epoch: 9   Global Step: 24300   Required: 0 hours
Training: 2021-10-29 03:48:11,537-Speed 251.88 samples/sec   Loss 10.6054   LearningRate 0.0250000   Epoch: 9   Global Step: 24350   Required: 0 hours
Training: 2021-10-29 03:48:37,060-Speed 250.79 samples/sec   Loss 10.7697   LearningRate 0.0250000   Epoch: 9   Global Step: 24400   Required: 0 hours
Training: 2021-10-29 03:49:02,649-Speed 250.14 samples/sec   Loss 10.5839   LearningRate 0.0250000   Epoch: 9   Global Step: 24450   Required: 0 hours
Training: 2021-10-29 03:49:28,342-Speed 249.13 samples/sec   Loss 10.5560   LearningRate 0.0250000   Epoch: 9   Global Step: 24500   Required: 0 hours
Training: 2021-10-29 03:49:54,204-Speed 247.49 samples/sec   Loss 10.9195   LearningRate 0.0250000   Epoch: 9   Global Step: 24550   Required: 0 hours
Training: 2021-10-29 03:50:20,100-Speed 247.18 samples/sec   Loss 10.7658   LearningRate 0.0250000   Epoch: 9   Global Step: 24600   Required: 0 hours
Training: 2021-10-29 03:50:45,948-Speed 247.61 samples/sec   Loss 10.5237   LearningRate 0.0250000   Epoch: 9   Global Step: 24650   Required: 0 hours
Training: 2021-10-29 03:51:11,709-Speed 248.46 samples/sec   Loss 10.6176   LearningRate 0.0250000   Epoch: 9   Global Step: 24700   Required: 0 hours
Training: 2021-10-29 03:51:37,454-Speed 248.62 samples/sec   Loss 10.8018   LearningRate 0.0250000   Epoch: 9   Global Step: 24750   Required: 0 hours
Training: 2021-10-29 03:52:03,321-Speed 247.46 samples/sec   Loss 10.8234   LearningRate 0.0250000   Epoch: 9   Global Step: 24800   Required: 0 hours
Training: 2021-10-29 03:52:20,439-Pytorch Model Saved in '/output/webface_r50_512_3/backbone.pth'
